<?xml version="1.0" encoding="utf-8"?>
<CoverageSession xmlns:xsd="http://www.w3.org/2001/XMLSchema" xmlns:xsi="http://www.w3.org/2001/XMLSchema-instance">
  <Summary numSequencePoints="0" visitedSequencePoints="0" numBranchPoints="0" visitedBranchPoints="0" sequenceCoverage="0" branchCoverage="0" maxCyclomaticComplexity="0" minCyclomaticComplexity="0" visitedClasses="0" numClasses="0" visitedMethods="0" numMethods="0" />
  <Modules>
    <Module skippedDueTo="Filter" hash="04-7D-5C-C6-C3-11-D8-F7-A7-7B-84-9E-EF-FF-50-78-5E-47-DF-60">
      <ModulePath>C:\Program Files\dotnet\shared\Microsoft.NETCore.App\1.1.1\System.Private.CoreLib.ni.dll</ModulePath>
      <ModuleTime>2017-02-10T01:37:52Z</ModuleTime>
      <ModuleName>System.Private.CoreLib</ModuleName>
      <Classes />
    </Module>
    <Module skippedDueTo="MissingPdb" hash="EB-38-40-A2-4E-A2-20-C1-4E-EE-7F-08-09-BD-98-0A-B5-A3-67-2B">
      <ModulePath>C:\Program Files\dotnet\sdk\1.0.0\dotnet.dll</ModulePath>
      <ModuleTime>2017-02-25T00:12:00Z</ModuleTime>
      <ModuleName>dotnet</ModuleName>
      <Classes />
    </Module>
    <Module skippedDueTo="Filter" hash="F1-50-99-8F-96-03-53-60-56-BB-33-F9-8F-0A-F4-12-C2-6B-2B-2B">
      <ModulePath>C:\Program Files\dotnet\shared\Microsoft.NETCore.App\1.1.1\System.Runtime.dll</ModulePath>
      <ModuleTime>2017-02-10T01:37:22Z</ModuleTime>
      <ModuleName>System.Runtime</ModuleName>
      <Classes />
    </Module>
    <Module skippedDueTo="Filter" hash="4F-57-B1-DA-12-6E-E4-14-D0-F4-E3-6B-40-B0-6B-0B-E4-2C-29-33">
      <ModulePath>C:\Program Files\dotnet\shared\Microsoft.NETCore.App\1.1.1\mscorlib.dll</ModulePath>
      <ModuleTime>2017-02-09T07:11:22Z</ModuleTime>
      <ModuleName>mscorlib</ModuleName>
      <Classes />
    </Module>
    <Module skippedDueTo="MissingPdb" hash="D4-FE-29-D1-6F-69-C6-6F-D7-D2-1D-0D-41-03-70-23-0E-DE-C5-CB">
      <ModulePath>C:\Program Files\dotnet\sdk\1.0.0\Microsoft.DotNet.Cli.Utils.dll</ModulePath>
      <ModuleTime>2017-02-25T00:12:02Z</ModuleTime>
      <ModuleName>Microsoft.DotNet.Cli.Utils</ModuleName>
      <Classes />
    </Module>
    <Module skippedDueTo="Filter" hash="C8-A8-E9-BF-B2-71-33-30-7F-C0-1E-C4-1B-FB-89-95-FC-BD-63-59">
      <ModulePath>C:\Program Files\dotnet\shared\Microsoft.NETCore.App\1.1.1\System.Runtime.Extensions.dll</ModulePath>
      <ModuleTime>2017-02-10T01:37:30Z</ModuleTime>
      <ModuleName>System.Runtime.Extensions</ModuleName>
      <Classes />
    </Module>
    <Module skippedDueTo="Filter" hash="76-58-64-70-63-64-F3-AB-3B-31-01-3D-36-48-E5-71-99-44-6B-DE">
      <ModulePath>C:\Program Files\dotnet\shared\Microsoft.NETCore.App\1.1.1\System.Runtime.InteropServices.RuntimeInformation.dll</ModulePath>
      <ModuleTime>2017-02-10T01:37:20Z</ModuleTime>
      <ModuleName>System.Runtime.InteropServices.RuntimeInformation</ModuleName>
      <Classes />
    </Module>
    <Module skippedDueTo="Filter" hash="95-67-9C-94-81-13-6D-22-92-3A-65-A6-19-55-82-2C-B0-F5-9D-62">
      <ModulePath>C:\Program Files\dotnet\shared\Microsoft.NETCore.App\1.1.1\System.Reflection.Extensions.dll</ModulePath>
      <ModuleTime>2017-02-10T01:37:16Z</ModuleTime>
      <ModuleName>System.Reflection.Extensions</ModuleName>
      <Classes />
    </Module>
    <Module skippedDueTo="Filter" hash="87-C2-BC-EE-DD-8B-0E-07-0C-4A-CC-8E-5B-C2-11-BC-49-8A-3F-18">
      <ModulePath>C:\Program Files\dotnet\shared\Microsoft.NETCore.App\1.1.1\System.Reflection.dll</ModulePath>
      <ModuleTime>2017-02-10T01:37:28Z</ModuleTime>
      <ModuleName>System.Reflection</ModuleName>
      <Classes />
    </Module>
    <Module skippedDueTo="MissingPdb" hash="5B-32-45-C9-65-92-52-4F-D0-80-59-9D-39-25-AE-05-B2-FA-0D-0D">
      <ModulePath>C:\Program Files\dotnet\sdk\1.0.0\Microsoft.DotNet.PlatformAbstractions.dll</ModulePath>
      <ModuleTime>2017-02-25T00:12:02Z</ModuleTime>
      <ModuleName>Microsoft.DotNet.PlatformAbstractions</ModuleName>
      <Classes />
    </Module>
    <Module skippedDueTo="Filter" hash="32-63-E6-06-7B-79-A4-86-DB-05-C9-58-44-0B-43-66-35-5E-09-D1">
      <ModulePath>C:\Program Files\dotnet\shared\Microsoft.NETCore.App\1.1.1\System.Runtime.InteropServices.dll</ModulePath>
      <ModuleTime>2017-02-10T01:37:14Z</ModuleTime>
      <ModuleName>System.Runtime.InteropServices</ModuleName>
      <Classes />
    </Module>
    <Module skippedDueTo="Filter" hash="BD-3F-16-31-E8-FA-5B-3F-7D-54-9F-68-E4-97-0E-88-C5-52-63-03">
      <ModulePath>C:\Program Files\dotnet\shared\Microsoft.NETCore.App\1.1.1\System.IO.FileSystem.dll</ModulePath>
      <ModuleTime>2017-02-10T01:37:20Z</ModuleTime>
      <ModuleName>System.IO.FileSystem</ModuleName>
      <Classes />
    </Module>
    <Module skippedDueTo="Filter" hash="BF-B2-E8-F0-13-43-69-C4-4B-79-5C-73-1A-E7-BB-D2-BA-9A-38-6C">
      <ModulePath>C:\Program Files\dotnet\shared\Microsoft.NETCore.App\1.1.1\System.IO.FileSystem.Primitives.dll</ModulePath>
      <ModuleTime>2017-02-10T01:37:18Z</ModuleTime>
      <ModuleName>System.IO.FileSystem.Primitives</ModuleName>
      <Classes />
    </Module>
    <Module skippedDueTo="Filter" hash="E8-E1-75-35-31-53-6E-42-52-EC-88-ED-F0-CA-28-DC-12-CB-1E-A8">
      <ModulePath>C:\Program Files\dotnet\shared\Microsoft.NETCore.App\1.1.1\System.Runtime.Loader.dll</ModulePath>
      <ModuleTime>2017-02-10T01:37:28Z</ModuleTime>
      <ModuleName>System.Runtime.Loader</ModuleName>
      <Classes />
    </Module>
    <Module skippedDueTo="Filter" hash="72-6C-F7-E4-07-D7-A8-4A-6A-55-BB-CB-F7-8F-E0-A3-52-DD-02-4B">
      <ModulePath>C:\Program Files\dotnet\sdk\1.0.0\runtimes\win\lib\netstandard1.3\System.Text.Encoding.CodePages.dll</ModulePath>
      <ModuleTime>2017-02-25T00:12:10Z</ModuleTime>
      <ModuleName>System.Text.Encoding.CodePages</ModuleName>
      <Classes />
    </Module>
    <Module skippedDueTo="Filter" hash="A3-21-80-4F-25-22-6A-D2-1C-D8-C8-AA-3B-8C-46-7A-96-34-B3-ED">
      <ModulePath>C:\Program Files\dotnet\shared\Microsoft.NETCore.App\1.1.1\System.Text.Encoding.dll</ModulePath>
      <ModuleTime>2017-02-10T01:37:30Z</ModuleTime>
      <ModuleName>System.Text.Encoding</ModuleName>
      <Classes />
    </Module>
    <Module skippedDueTo="Filter" hash="2C-1E-1E-95-53-33-D8-74-6B-8E-AF-3C-61-95-B8-EC-A6-46-54-1E">
      <ModulePath>C:\Program Files\dotnet\shared\Microsoft.NETCore.App\1.1.1\System.Collections.dll</ModulePath>
      <ModuleTime>2017-02-10T01:37:10Z</ModuleTime>
      <ModuleName>System.Collections</ModuleName>
      <Classes />
    </Module>
    <Module skippedDueTo="Filter" hash="F9-14-54-02-CA-B5-AF-BC-4F-38-1D-43-F9-AF-3F-0B-B1-16-49-5F">
      <ModulePath>C:\Program Files\dotnet\shared\Microsoft.NETCore.App\1.1.1\System.Threading.dll</ModulePath>
      <ModuleTime>2017-02-10T01:37:26Z</ModuleTime>
      <ModuleName>System.Threading</ModuleName>
      <Classes />
    </Module>
    <Module skippedDueTo="Filter" hash="36-8E-C6-B7-20-CB-EC-EC-39-0B-DA-12-20-31-C7-6A-CB-C5-5B-56">
      <ModulePath>C:\Program Files\dotnet\shared\Microsoft.NETCore.App\1.1.1\System.Collections.Concurrent.dll</ModulePath>
      <ModuleTime>2017-02-10T01:37:02Z</ModuleTime>
      <ModuleName>System.Collections.Concurrent</ModuleName>
      <Classes />
    </Module>
    <Module skippedDueTo="Filter" hash="08-D3-E6-62-C3-C9-E4-EF-2C-38-38-AD-F2-BA-C8-30-CE-4F-6F-D5">
      <ModulePath>C:\Program Files\dotnet\shared\Microsoft.NETCore.App\1.1.1\System.Threading.Thread.dll</ModulePath>
      <ModuleTime>2017-02-10T01:37:16Z</ModuleTime>
      <ModuleName>System.Threading.Thread</ModuleName>
      <Classes />
    </Module>
    <Module skippedDueTo="Filter" hash="DF-12-DE-C2-6F-C6-21-47-CB-C7-6B-67-B8-C4-A2-90-A2-9B-51-D8">
      <ModulePath>C:\Program Files\dotnet\shared\Microsoft.NETCore.App\1.1.1\System.Diagnostics.Process.dll</ModulePath>
      <ModuleTime>2017-02-10T01:37:14Z</ModuleTime>
      <ModuleName>System.Diagnostics.Process</ModuleName>
      <Classes />
    </Module>
    <Module skippedDueTo="Filter" hash="15-C1-41-18-C8-E4-89-59-A0-09-9F-98-5F-88-93-94-3A-F4-0F-5F">
      <ModulePath>C:\Program Files\dotnet\shared\Microsoft.NETCore.App\1.1.1\System.Linq.dll</ModulePath>
      <ModuleTime>2017-02-10T01:37:12Z</ModuleTime>
      <ModuleName>System.Linq</ModuleName>
      <Classes />
    </Module>
    <Module skippedDueTo="MissingPdb" hash="85-A8-51-B2-88-5C-56-EF-A3-B6-6E-74-5E-5E-22-62-52-48-DE-56">
      <ModulePath>C:\Program Files\dotnet\sdk\1.0.0\Microsoft.DotNet.Configurer.dll</ModulePath>
      <ModuleTime>2017-02-25T00:12:02Z</ModuleTime>
      <ModuleName>Microsoft.DotNet.Configurer</ModuleName>
      <Classes />
    </Module>
    <Module skippedDueTo="MissingPdb" hash="EF-D2-BA-54-C1-B2-3B-14-25-1B-B1-4D-95-90-CB-2F-2C-1D-57-05">
      <ModulePath>C:\Program Files\dotnet\sdk\1.0.0\Microsoft.DotNet.InternalAbstractions.dll</ModulePath>
      <ModuleTime>2017-02-25T00:12:02Z</ModuleTime>
      <ModuleName>Microsoft.DotNet.InternalAbstractions</ModuleName>
      <Classes />
    </Module>
    <Module skippedDueTo="MissingPdb" hash="BD-D2-9A-ED-40-76-3F-D3-69-77-5D-51-15-57-0B-5A-D3-BD-01-97">
      <ModulePath>C:\Program Files\dotnet\sdk\1.0.0\NuGet.Configuration.dll</ModulePath>
      <ModuleTime>2017-02-25T00:12:06Z</ModuleTime>
      <ModuleName>NuGet.Configuration</ModuleName>
      <Classes />
    </Module>
    <Module skippedDueTo="MissingPdb" hash="F9-19-27-A9-29-73-AF-BF-AE-00-42-15-2C-A8-12-41-9D-94-3E-80">
      <ModulePath>C:\Program Files\dotnet\sdk\1.0.0\NuGet.Common.dll</ModulePath>
      <ModuleTime>2017-02-25T00:12:06Z</ModuleTime>
      <ModuleName>NuGet.Common</ModuleName>
      <Classes />
    </Module>
    <Module skippedDueTo="Filter" hash="68-6F-BC-3F-8F-BD-2B-BC-78-CA-73-7F-E4-C6-B0-D3-52-DC-0D-A2">
      <ModulePath>C:\Program Files\dotnet\shared\Microsoft.NETCore.App\1.1.1\System.IO.dll</ModulePath>
      <ModuleTime>2017-02-10T01:37:28Z</ModuleTime>
      <ModuleName>System.IO</ModuleName>
      <Classes />
    </Module>
    <Module skippedDueTo="Filter" hash="F6-FC-F8-81-D4-06-82-2D-85-A8-59-21-7D-6D-4D-55-5B-A9-87-80">
      <ModulePath>C:\Program Files\dotnet\shared\Microsoft.NETCore.App\1.1.1\System.Threading.Tasks.dll</ModulePath>
      <ModuleTime>2017-02-10T01:37:28Z</ModuleTime>
      <ModuleName>System.Threading.Tasks</ModuleName>
      <Classes />
    </Module>
    <Module skippedDueTo="Filter" hash="AA-84-5B-28-2E-F2-96-18-9B-A2-48-45-26-BF-08-BE-51-81-C7-AE">
      <ModulePath>C:\Program Files\dotnet\shared\Microsoft.NETCore.App\1.1.1\System.Runtime.Handles.dll</ModulePath>
      <ModuleTime>2017-02-10T01:37:28Z</ModuleTime>
      <ModuleName>System.Runtime.Handles</ModuleName>
      <Classes />
    </Module>
    <Module skippedDueTo="MissingPdb" hash="9A-89-A8-26-39-89-2D-9D-F1-BA-AF-10-24-E8-F2-67-00-A9-A9-23">
      <ModulePath>C:\Program Files\dotnet\sdk\1.0.0\NuGet.Frameworks.dll</ModulePath>
      <ModuleTime>2017-02-25T00:12:06Z</ModuleTime>
      <ModuleName>NuGet.Frameworks</ModuleName>
      <Classes />
    </Module>
    <Module skippedDueTo="Filter" hash="A8-28-75-19-63-D9-35-C7-F4-FE-95-71-A6-72-7C-00-2B-E3-5D-13">
      <ModulePath>C:\Program Files\dotnet\shared\Microsoft.NETCore.App\1.1.1\System.Text.RegularExpressions.dll</ModulePath>
      <ModuleTime>2017-02-10T01:37:22Z</ModuleTime>
      <ModuleName>System.Text.RegularExpressions</ModuleName>
      <Classes />
    </Module>
    <Module skippedDueTo="MissingPdb" hash="AB-8D-ED-9A-67-AD-C1-49-AC-45-E6-FE-52-68-17-A3-81-6F-9B-A7">
      <ModulePath>C:\Program Files\dotnet\sdk\1.0.0\Microsoft.ApplicationInsights.dll</ModulePath>
      <ModuleTime>2017-02-25T00:12:00Z</ModuleTime>
      <ModuleName>Microsoft.ApplicationInsights</ModuleName>
      <Classes />
    </Module>
    <Module skippedDueTo="Filter" hash="AB-8D-3C-56-B3-67-8F-A0-6C-7A-A1-FA-C2-8D-50-1C-CD-59-ED-E7">
      <ModulePath>C:\Program Files\dotnet\shared\Microsoft.NETCore.App\1.1.1\System.Globalization.dll</ModulePath>
      <ModuleTime>2017-02-10T01:37:02Z</ModuleTime>
      <ModuleName>System.Globalization</ModuleName>
      <Classes />
    </Module>
    <Module skippedDueTo="Filter" hash="46-E9-0D-A8-BE-24-FD-7E-2E-7F-FF-7E-8B-22-B0-B5-63-A3-44-79">
      <ModulePath>C:\Program Files\dotnet\shared\Microsoft.NETCore.App\1.1.1\System.Xml.XDocument.dll</ModulePath>
      <ModuleTime>2017-02-10T01:37:18Z</ModuleTime>
      <ModuleName>System.Xml.XDocument</ModuleName>
      <Classes />
    </Module>
    <Module skippedDueTo="Filter" hash="3E-66-16-64-26-3C-87-1E-74-15-0C-FF-2D-4C-EF-E3-CB-8D-D1-06">
      <ModulePath>C:\Program Files\dotnet\shared\Microsoft.NETCore.App\1.1.1\System.Diagnostics.Tracing.dll</ModulePath>
      <ModuleTime>2017-02-10T01:37:04Z</ModuleTime>
      <ModuleName>System.Diagnostics.Tracing</ModuleName>
      <Classes />
    </Module>
    <Module skippedDueTo="Filter" hash="F1-84-33-57-C5-71-97-39-3F-4A-A4-AA-E7-FE-F9-94-F2-81-8B-7B">
      <ModulePath>C:\Program Files\dotnet\shared\Microsoft.NETCore.App\1.1.1\System.Private.Uri.dll</ModulePath>
      <ModuleTime>2017-02-10T01:37:14Z</ModuleTime>
      <ModuleName>System.Private.Uri</ModuleName>
      <Classes />
    </Module>
    <Module skippedDueTo="MissingPdb" hash="FB-49-42-3C-EF-9B-B3-50-37-7F-7E-2F-DC-B2-98-42-2A-E2-FB-C1">
      <ModulePath>C:\Program Files\dotnet\sdk\1.0.0\Microsoft.Build.Utilities.Core.dll</ModulePath>
      <ModuleTime>2017-02-25T00:12:00Z</ModuleTime>
      <ModuleName>Microsoft.Build.Utilities.Core</ModuleName>
      <Classes />
    </Module>
    <Module skippedDueTo="MissingPdb" hash="13-FE-F9-EE-7B-65-6A-39-7F-50-E9-A9-CE-94-79-05-33-A2-6E-43">
      <ModulePath>C:\Program Files\dotnet\sdk\1.0.0\Microsoft.Build.Framework.dll</ModulePath>
      <ModuleTime>2017-02-25T00:12:00Z</ModuleTime>
      <ModuleName>Microsoft.Build.Framework</ModuleName>
      <Classes />
    </Module>
    <Module skippedDueTo="Filter" hash="21-84-55-22-AD-E8-35-6E-DE-88-61-95-09-04-ED-DD-01-91-BE-93">
      <ModulePath>C:\Program Files\dotnet\shared\Microsoft.NETCore.App\1.1.1\System.AppContext.dll</ModulePath>
      <ModuleTime>2017-02-10T01:37:18Z</ModuleTime>
      <ModuleName>System.AppContext</ModuleName>
      <Classes />
    </Module>
    <Module skippedDueTo="Filter" hash="23-C6-82-D9-0B-F8-1C-68-1A-88-B2-B6-FD-01-21-69-E5-EA-E5-97">
      <ModulePath>C:\Program Files\dotnet\shared\Microsoft.NETCore.App\1.1.1\System.Diagnostics.Tools.dll</ModulePath>
      <ModuleTime>2017-02-10T01:37:02Z</ModuleTime>
      <ModuleName>System.Diagnostics.Tools</ModuleName>
      <Classes />
    </Module>
    <Module skippedDueTo="Filter" hash="EB-7E-F7-DE-76-CB-9B-59-53-82-A2-9A-F9-9A-56-61-53-18-A2-20">
      <ModulePath>C:\Program Files\dotnet\shared\Microsoft.NETCore.App\1.1.1\System.Diagnostics.Debug.dll</ModulePath>
      <ModuleTime>2017-02-10T01:37:14Z</ModuleTime>
      <ModuleName>System.Diagnostics.Debug</ModuleName>
      <Classes />
    </Module>
    <Module skippedDueTo="Filter" hash="F2-D2-8E-EC-9D-11-91-16-83-2D-30-5E-D1-40-48-33-15-90-40-B8">
      <ModulePath>C:\Program Files\dotnet\shared\Microsoft.NETCore.App\1.1.1\System.IO.Compression.dll</ModulePath>
      <ModuleTime>2017-02-10T01:37:22Z</ModuleTime>
      <ModuleName>System.IO.Compression</ModuleName>
      <Classes />
    </Module>
    <Module skippedDueTo="Filter" hash="FF-1A-CC-A8-BB-0E-D2-C1-12-24-01-88-98-ED-F4-2C-56-7C-35-32">
      <ModulePath>C:\Program Files\dotnet\shared\Microsoft.NETCore.App\1.1.1\System.Text.Encoding.Extensions.dll</ModulePath>
      <ModuleTime>2017-02-10T01:37:22Z</ModuleTime>
      <ModuleName>System.Text.Encoding.Extensions</ModuleName>
      <Classes />
    </Module>
    <Module skippedDueTo="Filter" hash="E5-A9-BA-F0-25-C3-6C-B0-B4-C1-08-0F-FE-66-5A-AF-B7-54-07-92">
      <ModulePath>C:\Program Files\dotnet\shared\Microsoft.NETCore.App\1.1.1\System.Net.Http.dll</ModulePath>
      <ModuleTime>2017-02-10T01:37:16Z</ModuleTime>
      <ModuleName>System.Net.Http</ModuleName>
      <Classes />
    </Module>
    <Module skippedDueTo="Filter" hash="B2-CD-1D-D6-15-7F-5B-87-A0-24-38-34-E3-72-E8-92-1D-49-C2-B4">
      <ModulePath>C:\Program Files\dotnet\shared\Microsoft.NETCore.App\1.1.1\System.Net.Primitives.dll</ModulePath>
      <ModuleTime>2017-02-10T01:37:16Z</ModuleTime>
      <ModuleName>System.Net.Primitives</ModuleName>
      <Classes />
    </Module>
    <Module skippedDueTo="Filter" hash="9C-45-8A-84-D0-B9-4F-2D-60-70-54-AE-EA-CD-3E-8C-66-40-F9-66">
      <ModulePath>C:\Program Files\dotnet\shared\Microsoft.NETCore.App\1.1.1\System.Diagnostics.DiagnosticSource.dll</ModulePath>
      <ModuleTime>2017-02-10T01:37:22Z</ModuleTime>
      <ModuleName>System.Diagnostics.DiagnosticSource</ModuleName>
      <Classes />
    </Module>
    <Module skippedDueTo="Filter" hash="BB-93-24-9D-C8-02-FF-25-B5-F7-3B-AF-F3-13-A2-EE-33-27-7A-11">
      <ModulePath>C:\Program Files\dotnet\shared\Microsoft.NETCore.App\1.1.1\System.Security.Cryptography.X509Certificates.dll</ModulePath>
      <ModuleTime>2017-02-10T01:37:14Z</ModuleTime>
      <ModuleName>System.Security.Cryptography.X509Certificates</ModuleName>
      <Classes />
    </Module>
    <Module skippedDueTo="Filter" hash="04-7D-5C-C6-C3-11-D8-F7-A7-7B-84-9E-EF-FF-50-78-5E-47-DF-60">
      <ModulePath>C:\Program Files\dotnet\shared\Microsoft.NETCore.App\1.1.1\System.Private.CoreLib.ni.dll</ModulePath>
      <ModuleTime>2017-02-10T01:37:52Z</ModuleTime>
      <ModuleName>System.Private.CoreLib</ModuleName>
      <Classes />
    </Module>
    <Module skippedDueTo="MissingPdb" hash="93-C0-9C-3B-E7-8B-F2-CC-D4-25-12-88-5E-C4-E7-A1-9A-56-54-A7">
      <ModulePath>C:\Program Files\dotnet\sdk\1.0.0\MSBuild.dll</ModulePath>
      <ModuleTime>2017-02-25T00:12:06Z</ModuleTime>
      <ModuleName>MSBuild</ModuleName>
      <Classes />
    </Module>
    <Module skippedDueTo="Filter" hash="F1-50-99-8F-96-03-53-60-56-BB-33-F9-8F-0A-F4-12-C2-6B-2B-2B">
      <ModulePath>C:\Program Files\dotnet\shared\Microsoft.NETCore.App\1.1.1\System.Runtime.dll</ModulePath>
      <ModuleTime>2017-02-10T01:37:22Z</ModuleTime>
      <ModuleName>System.Runtime</ModuleName>
      <Classes />
    </Module>
    <Module skippedDueTo="Filter" hash="4F-57-B1-DA-12-6E-E4-14-D0-F4-E3-6B-40-B0-6B-0B-E4-2C-29-33">
      <ModulePath>C:\Program Files\dotnet\shared\Microsoft.NETCore.App\1.1.1\mscorlib.dll</ModulePath>
      <ModuleTime>2017-02-09T07:11:22Z</ModuleTime>
      <ModuleName>mscorlib</ModuleName>
      <Classes />
    </Module>
    <Module skippedDueTo="Filter" hash="F9-14-54-02-CA-B5-AF-BC-4F-38-1D-43-F9-AF-3F-0B-B1-16-49-5F">
      <ModulePath>C:\Program Files\dotnet\shared\Microsoft.NETCore.App\1.1.1\System.Threading.dll</ModulePath>
      <ModuleTime>2017-02-10T01:37:26Z</ModuleTime>
      <ModuleName>System.Threading</ModuleName>
      <Classes />
    </Module>
    <Module skippedDueTo="Filter" hash="87-C2-BC-EE-DD-8B-0E-07-0C-4A-CC-8E-5B-C2-11-BC-49-8A-3F-18">
      <ModulePath>C:\Program Files\dotnet\shared\Microsoft.NETCore.App\1.1.1\System.Reflection.dll</ModulePath>
      <ModuleTime>2017-02-10T01:37:28Z</ModuleTime>
      <ModuleName>System.Reflection</ModuleName>
      <Classes />
    </Module>
    <Module skippedDueTo="Filter" hash="AA-01-6A-A1-89-52-1C-12-39-45-4C-7B-AE-B8-0E-A5-A4-52-E5-3F">
      <ModulePath>C:\Program Files\dotnet\shared\Microsoft.NETCore.App\1.1.1\System.Reflection.TypeExtensions.dll</ModulePath>
      <ModuleTime>2017-02-10T01:37:34Z</ModuleTime>
      <ModuleName>System.Reflection.TypeExtensions</ModuleName>
      <Classes />
    </Module>
    <Module skippedDueTo="Filter" hash="C8-A8-E9-BF-B2-71-33-30-7F-C0-1E-C4-1B-FB-89-95-FC-BD-63-59">
      <ModulePath>C:\Program Files\dotnet\shared\Microsoft.NETCore.App\1.1.1\System.Runtime.Extensions.dll</ModulePath>
      <ModuleTime>2017-02-10T01:37:30Z</ModuleTime>
      <ModuleName>System.Runtime.Extensions</ModuleName>
      <Classes />
    </Module>
    <Module skippedDueTo="Filter" hash="DF-12-DE-C2-6F-C6-21-47-CB-C7-6B-67-B8-C4-A2-90-A2-9B-51-D8">
      <ModulePath>C:\Program Files\dotnet\shared\Microsoft.NETCore.App\1.1.1\System.Diagnostics.Process.dll</ModulePath>
      <ModuleTime>2017-02-10T01:37:14Z</ModuleTime>
      <ModuleName>System.Diagnostics.Process</ModuleName>
      <Classes />
    </Module>
    <Module skippedDueTo="Filter" hash="32-63-E6-06-7B-79-A4-86-DB-05-C9-58-44-0B-43-66-35-5E-09-D1">
      <ModulePath>C:\Program Files\dotnet\shared\Microsoft.NETCore.App\1.1.1\System.Runtime.InteropServices.dll</ModulePath>
      <ModuleTime>2017-02-10T01:37:14Z</ModuleTime>
      <ModuleName>System.Runtime.InteropServices</ModuleName>
      <Classes />
    </Module>
    <Module skippedDueTo="Filter" hash="AA-84-5B-28-2E-F2-96-18-9B-A2-48-45-26-BF-08-BE-51-81-C7-AE">
      <ModulePath>C:\Program Files\dotnet\shared\Microsoft.NETCore.App\1.1.1\System.Runtime.Handles.dll</ModulePath>
      <ModuleTime>2017-02-10T01:37:28Z</ModuleTime>
      <ModuleName>System.Runtime.Handles</ModuleName>
      <Classes />
    </Module>
    <Module skippedDueTo="Filter" hash="2C-1E-1E-95-53-33-D8-74-6B-8E-AF-3C-61-95-B8-EC-A6-46-54-1E">
      <ModulePath>C:\Program Files\dotnet\shared\Microsoft.NETCore.App\1.1.1\System.Collections.dll</ModulePath>
      <ModuleTime>2017-02-10T01:37:10Z</ModuleTime>
      <ModuleName>System.Collections</ModuleName>
      <Classes />
    </Module>
    <Module skippedDueTo="Filter" hash="15-C1-41-18-C8-E4-89-59-A0-09-9F-98-5F-88-93-94-3A-F4-0F-5F">
      <ModulePath>C:\Program Files\dotnet\shared\Microsoft.NETCore.App\1.1.1\System.Linq.dll</ModulePath>
      <ModuleTime>2017-02-10T01:37:12Z</ModuleTime>
      <ModuleName>System.Linq</ModuleName>
      <Classes />
    </Module>
    <Module skippedDueTo="Filter" hash="76-58-64-70-63-64-F3-AB-3B-31-01-3D-36-48-E5-71-99-44-6B-DE">
      <ModulePath>C:\Program Files\dotnet\shared\Microsoft.NETCore.App\1.1.1\System.Runtime.InteropServices.RuntimeInformation.dll</ModulePath>
      <ModuleTime>2017-02-10T01:37:20Z</ModuleTime>
      <ModuleName>System.Runtime.InteropServices.RuntimeInformation</ModuleName>
      <Classes />
    </Module>
    <Module skippedDueTo="Filter" hash="A8-28-75-19-63-D9-35-C7-F4-FE-95-71-A6-72-7C-00-2B-E3-5D-13">
      <ModulePath>C:\Program Files\dotnet\shared\Microsoft.NETCore.App\1.1.1\System.Text.RegularExpressions.dll</ModulePath>
      <ModuleTime>2017-02-10T01:37:22Z</ModuleTime>
      <ModuleName>System.Text.RegularExpressions</ModuleName>
      <Classes />
    </Module>
    <Module skippedDueTo="Filter" hash="BD-3F-16-31-E8-FA-5B-3F-7D-54-9F-68-E4-97-0E-88-C5-52-63-03">
      <ModulePath>C:\Program Files\dotnet\shared\Microsoft.NETCore.App\1.1.1\System.IO.FileSystem.dll</ModulePath>
      <ModuleTime>2017-02-10T01:37:20Z</ModuleTime>
      <ModuleName>System.IO.FileSystem</ModuleName>
      <Classes />
    </Module>
    <Module skippedDueTo="Filter" hash="BF-B2-E8-F0-13-43-69-C4-4B-79-5C-73-1A-E7-BB-D2-BA-9A-38-6C">
      <ModulePath>C:\Program Files\dotnet\shared\Microsoft.NETCore.App\1.1.1\System.IO.FileSystem.Primitives.dll</ModulePath>
      <ModuleTime>2017-02-10T01:37:18Z</ModuleTime>
      <ModuleName>System.IO.FileSystem.Primitives</ModuleName>
      <Classes />
    </Module>
    <Module skippedDueTo="Filter" hash="AB-8D-3C-56-B3-67-8F-A0-6C-7A-A1-FA-C2-8D-50-1C-CD-59-ED-E7">
      <ModulePath>C:\Program Files\dotnet\shared\Microsoft.NETCore.App\1.1.1\System.Globalization.dll</ModulePath>
      <ModuleTime>2017-02-10T01:37:02Z</ModuleTime>
      <ModuleName>System.Globalization</ModuleName>
      <Classes />
    </Module>
    <Module skippedDueTo="MissingPdb" hash="13-FE-F9-EE-7B-65-6A-39-7F-50-E9-A9-CE-94-79-05-33-A2-6E-43">
      <ModulePath>C:\Program Files\dotnet\sdk\1.0.0\Microsoft.Build.Framework.dll</ModulePath>
      <ModuleTime>2017-02-25T00:12:00Z</ModuleTime>
      <ModuleName>Microsoft.Build.Framework</ModuleName>
      <Classes />
    </Module>
    <Module skippedDueTo="Filter" hash="43-D8-79-96-86-69-AA-77-DC-38-75-7D-53-4E-D7-85-14-07-E8-2C">
      <ModulePath>C:\Program Files\dotnet\shared\Microsoft.NETCore.App\1.1.1\System.Console.dll</ModulePath>
      <ModuleTime>2017-02-10T01:37:16Z</ModuleTime>
      <ModuleName>System.Console</ModuleName>
      <Classes />
    </Module>
    <Module skippedDueTo="Filter" hash="C8-47-2D-DB-A7-E0-A9-4F-02-2E-65-C1-E9-3D-36-DF-6C-63-FC-3E">
      <ModulePath>C:\Program Files\dotnet\sdk\1.0.0\System.Collections.NonGeneric.dll</ModulePath>
      <ModuleTime>2017-02-25T00:12:08Z</ModuleTime>
      <ModuleName>System.Collections.NonGeneric</ModuleName>
      <Classes />
    </Module>
    <Module skippedDueTo="MissingPdb" hash="50-99-92-31-98-49-65-DA-B6-64-F1-F2-37-16-E8-96-9E-48-41-16">
      <ModulePath>C:\Program Files\dotnet\sdk\1.0.0\Microsoft.Build.dll</ModulePath>
      <ModuleTime>2017-02-25T00:12:02Z</ModuleTime>
      <ModuleName>Microsoft.Build</ModuleName>
      <Classes />
    </Module>
    <Module skippedDueTo="Filter" hash="36-8E-C6-B7-20-CB-EC-EC-39-0B-DA-12-20-31-C7-6A-CB-C5-5B-56">
      <ModulePath>C:\Program Files\dotnet\shared\Microsoft.NETCore.App\1.1.1\System.Collections.Concurrent.dll</ModulePath>
      <ModuleTime>2017-02-10T01:37:02Z</ModuleTime>
      <ModuleName>System.Collections.Concurrent</ModuleName>
      <Classes />
    </Module>
    <Module skippedDueTo="MissingPdb" hash="EB-38-40-A2-4E-A2-20-C1-4E-EE-7F-08-09-BD-98-0A-B5-A3-67-2B">
      <ModulePath>C:\Program Files\dotnet\sdk\1.0.0\dotnet.dll</ModulePath>
      <ModuleTime>2017-02-25T00:12:00Z</ModuleTime>
      <ModuleName>dotnet</ModuleName>
      <Classes />
    </Module>
    <Module skippedDueTo="MissingPdb" hash="FB-49-42-3C-EF-9B-B3-50-37-7F-7E-2F-DC-B2-98-42-2A-E2-FB-C1">
      <ModulePath>C:\Program Files\dotnet\sdk\1.0.0\Microsoft.Build.Utilities.Core.dll</ModulePath>
      <ModuleTime>2017-02-25T00:12:00Z</ModuleTime>
      <ModuleName>Microsoft.Build.Utilities.Core</ModuleName>
      <Classes />
    </Module>
    <Module skippedDueTo="MissingPdb" hash="D4-FE-29-D1-6F-69-C6-6F-D7-D2-1D-0D-41-03-70-23-0E-DE-C5-CB">
      <ModulePath>C:\Program Files\dotnet\sdk\1.0.0\Microsoft.DotNet.Cli.Utils.dll</ModulePath>
      <ModuleTime>2017-02-25T00:12:02Z</ModuleTime>
      <ModuleName>Microsoft.DotNet.Cli.Utils</ModuleName>
      <Classes />
    </Module>
    <Module skippedDueTo="MissingPdb" hash="9A-89-A8-26-39-89-2D-9D-F1-BA-AF-10-24-E8-F2-67-00-A9-A9-23">
      <ModulePath>C:\Program Files\dotnet\sdk\1.0.0\NuGet.Frameworks.dll</ModulePath>
      <ModuleTime>2017-02-25T00:12:06Z</ModuleTime>
      <ModuleName>NuGet.Frameworks</ModuleName>
      <Classes />
    </Module>
    <Module skippedDueTo="Filter" hash="95-67-9C-94-81-13-6D-22-92-3A-65-A6-19-55-82-2C-B0-F5-9D-62">
      <ModulePath>C:\Program Files\dotnet\shared\Microsoft.NETCore.App\1.1.1\System.Reflection.Extensions.dll</ModulePath>
      <ModuleTime>2017-02-10T01:37:16Z</ModuleTime>
      <ModuleName>System.Reflection.Extensions</ModuleName>
      <Classes />
    </Module>
    <Module skippedDueTo="MissingPdb" hash="85-A8-51-B2-88-5C-56-EF-A3-B6-6E-74-5E-5E-22-62-52-48-DE-56">
      <ModulePath>C:\Program Files\dotnet\sdk\1.0.0\Microsoft.DotNet.Configurer.dll</ModulePath>
      <ModuleTime>2017-02-25T00:12:02Z</ModuleTime>
      <ModuleName>Microsoft.DotNet.Configurer</ModuleName>
      <Classes />
    </Module>
    <Module skippedDueTo="MissingPdb" hash="EF-D2-BA-54-C1-B2-3B-14-25-1B-B1-4D-95-90-CB-2F-2C-1D-57-05">
      <ModulePath>C:\Program Files\dotnet\sdk\1.0.0\Microsoft.DotNet.InternalAbstractions.dll</ModulePath>
      <ModuleTime>2017-02-25T00:12:02Z</ModuleTime>
      <ModuleName>Microsoft.DotNet.InternalAbstractions</ModuleName>
      <Classes />
    </Module>
    <Module skippedDueTo="MissingPdb" hash="BD-D2-9A-ED-40-76-3F-D3-69-77-5D-51-15-57-0B-5A-D3-BD-01-97">
      <ModulePath>C:\Program Files\dotnet\sdk\1.0.0\NuGet.Configuration.dll</ModulePath>
      <ModuleTime>2017-02-25T00:12:06Z</ModuleTime>
      <ModuleName>NuGet.Configuration</ModuleName>
      <Classes />
    </Module>
    <Module skippedDueTo="MissingPdb" hash="F9-19-27-A9-29-73-AF-BF-AE-00-42-15-2C-A8-12-41-9D-94-3E-80">
      <ModulePath>C:\Program Files\dotnet\sdk\1.0.0\NuGet.Common.dll</ModulePath>
      <ModuleTime>2017-02-25T00:12:06Z</ModuleTime>
      <ModuleName>NuGet.Common</ModuleName>
      <Classes />
    </Module>
    <Module skippedDueTo="Filter" hash="68-6F-BC-3F-8F-BD-2B-BC-78-CA-73-7F-E4-C6-B0-D3-52-DC-0D-A2">
      <ModulePath>C:\Program Files\dotnet\shared\Microsoft.NETCore.App\1.1.1\System.IO.dll</ModulePath>
      <ModuleTime>2017-02-10T01:37:28Z</ModuleTime>
      <ModuleName>System.IO</ModuleName>
      <Classes />
    </Module>
    <Module skippedDueTo="Filter" hash="F6-FC-F8-81-D4-06-82-2D-85-A8-59-21-7D-6D-4D-55-5B-A9-87-80">
      <ModulePath>C:\Program Files\dotnet\shared\Microsoft.NETCore.App\1.1.1\System.Threading.Tasks.dll</ModulePath>
      <ModuleTime>2017-02-10T01:37:28Z</ModuleTime>
      <ModuleName>System.Threading.Tasks</ModuleName>
      <Classes />
    </Module>
    <Module skippedDueTo="Filter" hash="A3-21-80-4F-25-22-6A-D2-1C-D8-C8-AA-3B-8C-46-7A-96-34-B3-ED">
      <ModulePath>C:\Program Files\dotnet\shared\Microsoft.NETCore.App\1.1.1\System.Text.Encoding.dll</ModulePath>
      <ModuleTime>2017-02-10T01:37:30Z</ModuleTime>
      <ModuleName>System.Text.Encoding</ModuleName>
      <Classes />
    </Module>
    <Module skippedDueTo="Filter" hash="FF-1A-CC-A8-BB-0E-D2-C1-12-24-01-88-98-ED-F4-2C-56-7C-35-32">
      <ModulePath>C:\Program Files\dotnet\shared\Microsoft.NETCore.App\1.1.1\System.Text.Encoding.Extensions.dll</ModulePath>
      <ModuleTime>2017-02-10T01:37:22Z</ModuleTime>
      <ModuleName>System.Text.Encoding.Extensions</ModuleName>
      <Classes />
    </Module>
    <Module skippedDueTo="MissingPdb" hash="5B-32-45-C9-65-92-52-4F-D0-80-59-9D-39-25-AE-05-B2-FA-0D-0D">
      <ModulePath>C:\Program Files\dotnet\sdk\1.0.0\Microsoft.DotNet.PlatformAbstractions.dll</ModulePath>
      <ModuleTime>2017-02-25T00:12:02Z</ModuleTime>
      <ModuleName>Microsoft.DotNet.PlatformAbstractions</ModuleName>
      <Classes />
    </Module>
    <Module skippedDueTo="MissingPdb" hash="AB-8D-ED-9A-67-AD-C1-49-AC-45-E6-FE-52-68-17-A3-81-6F-9B-A7">
      <ModulePath>C:\Program Files\dotnet\sdk\1.0.0\Microsoft.ApplicationInsights.dll</ModulePath>
      <ModuleTime>2017-02-25T00:12:00Z</ModuleTime>
      <ModuleName>Microsoft.ApplicationInsights</ModuleName>
      <Classes />
    </Module>
    <Module skippedDueTo="Filter" hash="46-E9-0D-A8-BE-24-FD-7E-2E-7F-FF-7E-8B-22-B0-B5-63-A3-44-79">
      <ModulePath>C:\Program Files\dotnet\shared\Microsoft.NETCore.App\1.1.1\System.Xml.XDocument.dll</ModulePath>
      <ModuleTime>2017-02-10T01:37:18Z</ModuleTime>
      <ModuleName>System.Xml.XDocument</ModuleName>
      <Classes />
    </Module>
    <Module skippedDueTo="Filter" hash="3E-66-16-64-26-3C-87-1E-74-15-0C-FF-2D-4C-EF-E3-CB-8D-D1-06">
      <ModulePath>C:\Program Files\dotnet\shared\Microsoft.NETCore.App\1.1.1\System.Diagnostics.Tracing.dll</ModulePath>
      <ModuleTime>2017-02-10T01:37:04Z</ModuleTime>
      <ModuleName>System.Diagnostics.Tracing</ModuleName>
      <Classes />
    </Module>
    <Module skippedDueTo="Filter" hash="F1-84-33-57-C5-71-97-39-3F-4A-A4-AA-E7-FE-F9-94-F2-81-8B-7B">
      <ModulePath>C:\Program Files\dotnet\shared\Microsoft.NETCore.App\1.1.1\System.Private.Uri.dll</ModulePath>
      <ModuleTime>2017-02-10T01:37:14Z</ModuleTime>
      <ModuleName>System.Private.Uri</ModuleName>
      <Classes />
    </Module>
    <Module skippedDueTo="Filter" hash="53-E0-AD-C3-4A-45-93-B3-A3-30-66-19-CF-BA-DC-2C-DF-9A-0D-D2">
      <ModulePath>C:\Program Files\dotnet\shared\Microsoft.NETCore.App\1.1.1\System.Threading.Tasks.Dataflow.dll</ModulePath>
      <ModuleTime>2017-02-10T01:37:12Z</ModuleTime>
      <ModuleName>System.Threading.Tasks.Dataflow</ModuleName>
      <Classes />
    </Module>
    <Module skippedDueTo="Filter" hash="DC-18-EE-40-A1-87-4C-20-70-ED-06-47-6B-D2-9D-61-33-AE-BC-70">
      <ModulePath>C:\Program Files\dotnet\shared\Microsoft.NETCore.App\1.1.1\System.Resources.ResourceManager.dll</ModulePath>
      <ModuleTime>2017-02-10T01:37:24Z</ModuleTime>
      <ModuleName>System.Resources.ResourceManager</ModuleName>
      <Classes />
    </Module>
    <Module skippedDueTo="Filter" hash="E2-E7-9C-E1-3A-FD-B3-19-15-3B-5F-D5-49-B8-E0-0C-73-10-91-82">
      <ModulePath>C:\Program Files\dotnet\shared\Microsoft.NETCore.App\1.1.1\System.ObjectModel.dll</ModulePath>
      <ModuleTime>2017-02-10T01:37:16Z</ModuleTime>
      <ModuleName>System.ObjectModel</ModuleName>
      <Classes />
    </Module>
    <Module skippedDueTo="Filter" hash="08-D3-E6-62-C3-C9-E4-EF-2C-38-38-AD-F2-BA-C8-30-CE-4F-6F-D5">
      <ModulePath>C:\Program Files\dotnet\shared\Microsoft.NETCore.App\1.1.1\System.Threading.Thread.dll</ModulePath>
      <ModuleTime>2017-02-10T01:37:16Z</ModuleTime>
      <ModuleName>System.Threading.Thread</ModuleName>
      <Classes />
    </Module>
    <Module skippedDueTo="Filter" hash="8D-73-E9-E4-8C-4C-0F-42-11-F8-2C-CE-62-DD-3C-7C-59-60-A6-35">
      <ModulePath>C:\Program Files\dotnet\shared\Microsoft.NETCore.App\1.1.1\System.Xml.ReaderWriter.dll</ModulePath>
      <ModuleTime>2017-02-10T01:37:30Z</ModuleTime>
      <ModuleName>System.Xml.ReaderWriter</ModuleName>
      <Classes />
    </Module>
    <Module skippedDueTo="Filter" hash="28-61-D0-02-FC-FC-21-ED-AC-1D-F5-DB-C3-96-38-3E-E8-2E-65-E8">
      <ModulePath>C:\Program Files\dotnet\sdk\1.0.0\System.Xml.XmlDocument.dll</ModulePath>
      <ModuleTime>2017-02-25T00:12:10Z</ModuleTime>
      <ModuleName>System.Xml.XmlDocument</ModuleName>
      <Classes />
    </Module>
    <Module skippedDueTo="Filter" hash="EF-60-55-BB-01-0A-06-1A-10-43-26-6D-9D-82-09-60-C8-6A-30-C4">
      <ModulePath>C:\Program Files\dotnet\shared\Microsoft.NETCore.App\1.1.1\System.Reflection.Primitives.dll</ModulePath>
      <ModuleTime>2017-02-10T01:37:28Z</ModuleTime>
      <ModuleName>System.Reflection.Primitives</ModuleName>
      <Classes />
    </Module>
    <Module skippedDueTo="Filter" hash="B8-AB-9D-4B-3F-5F-1B-69-5C-0B-5C-AE-ED-6F-B4-81-0A-D0-C6-83">
      <ModulePath>C:\Program Files\dotnet\sdk\1.0.0\System.Collections.Immutable.dll</ModulePath>
      <ModuleTime>2017-02-25T00:12:08Z</ModuleTime>
      <ModuleName>System.Collections.Immutable</ModuleName>
      <Classes />
    </Module>
    <Module skippedDueTo="MissingPdb" hash="A4-32-5A-EE-05-5A-F6-99-8B-9C-A3-13-28-A6-66-BA-67-06-A0-F8">
      <ModulePath>C:\Program Files\dotnet\sdk\1.0.0\Microsoft.Build.Tasks.Core.dll</ModulePath>
      <ModuleTime>2017-02-25T00:12:02Z</ModuleTime>
      <ModuleName>Microsoft.Build.Tasks.Core</ModuleName>
      <Classes />
    </Module>
    <Module skippedDueTo="MissingPdb" hash="7A-A9-50-9F-88-D9-DC-FF-17-E4-17-21-D2-A7-E7-5C-1E-52-C3-3A">
      <ModulePath>C:\Program Files\dotnet\sdk\1.0.0\Microsoft.TestPlatform.Build.dll</ModulePath>
      <ModuleTime>2017-02-25T00:12:04Z</ModuleTime>
      <ModuleName>Microsoft.TestPlatform.Build</ModuleName>
      <Classes />
    </Module>
    <Module skippedDueTo="Filter" hash="9F-C0-13-7F-05-1E-4F-CB-87-8A-1E-A0-99-5C-3E-0F-78-31-5C-B8">
      <ModulePath>C:\Program Files\dotnet\shared\Microsoft.NETCore.App\1.1.1\System.Threading.ThreadPool.dll</ModulePath>
      <ModuleTime>2017-02-10T01:37:22Z</ModuleTime>
      <ModuleName>System.Threading.ThreadPool</ModuleName>
      <Classes />
    </Module>
    <Module skippedDueTo="Filter" hash="E8-E1-75-35-31-53-6E-42-52-EC-88-ED-F0-CA-28-DC-12-CB-1E-A8">
      <ModulePath>C:\Program Files\dotnet\shared\Microsoft.NETCore.App\1.1.1\System.Runtime.Loader.dll</ModulePath>
      <ModuleTime>2017-02-10T01:37:28Z</ModuleTime>
      <ModuleName>System.Runtime.Loader</ModuleName>
      <Classes />
    </Module>
    <Module skippedDueTo="MissingPdb" hash="14-D5-9B-18-C7-07-3F-AF-07-96-B7-70-A6-C2-40-E5-5F-19-F4-CE">
      <ModulePath>C:\Program Files\dotnet\sdk\1.0.0\Sdks\Microsoft.NET.Sdk\build\..\tools\netcoreapp1.0/Microsoft.NET.Build.Tasks.dll</ModulePath>
      <ModuleTime>2017-02-25T00:12:02Z</ModuleTime>
      <ModuleName>Microsoft.NET.Build.Tasks</ModuleName>
      <Classes />
    </Module>
    <Module skippedDueTo="MissingPdb" hash="3F-EC-08-D2-86-1E-65-4B-37-3D-C8-AD-49-0D-01-BC-55-10-32-F9">
      <ModulePath>C:\Program Files\dotnet\sdk\1.0.0\NuGet.ProjectModel.dll</ModulePath>
      <ModuleTime>2017-02-25T00:12:06Z</ModuleTime>
      <ModuleName>NuGet.ProjectModel</ModuleName>
      <Classes />
    </Module>
    <Module skippedDueTo="MissingPdb" hash="B6-AC-8A-4F-46-C3-68-04-E3-F0-FF-D0-90-71-3B-AD-2E-9A-B2-FA">
      <ModulePath>C:\Program Files\dotnet\sdk\1.0.0\Newtonsoft.Json.dll</ModulePath>
      <ModuleTime>2017-02-25T00:06:46Z</ModuleTime>
      <ModuleName>Newtonsoft.Json</ModuleName>
      <Classes />
    </Module>
    <Module skippedDueTo="Filter" hash="CD-E8-4D-AD-73-95-49-1B-54-A0-7D-C5-3F-20-8A-7F-F0-B2-E3-68">
      <ModulePath>C:\Program Files\dotnet\shared\Microsoft.NETCore.App\1.1.1\System.Dynamic.Runtime.dll</ModulePath>
      <ModuleTime>2017-02-10T01:37:14Z</ModuleTime>
      <ModuleName>System.Dynamic.Runtime</ModuleName>
      <Classes />
    </Module>
    <Module skippedDueTo="Filter" hash="21-93-02-0C-24-EE-9A-48-00-28-1A-80-B2-D4-74-FF-85-E0-F5-A3">
      <ModulePath>C:\Program Files\dotnet\shared\Microsoft.NETCore.App\1.1.1\System.Linq.Expressions.dll</ModulePath>
      <ModuleTime>2017-02-10T01:37:14Z</ModuleTime>
      <ModuleName>System.Linq.Expressions</ModuleName>
      <Classes />
    </Module>
    <Module skippedDueTo="MissingPdb" hash="7F-89-93-88-72-4F-C2-33-5C-5B-B7-80-61-05-32-7D-24-E9-53-BA">
      <ModulePath>C:\Program Files\dotnet\sdk\1.0.0\NuGet.Versioning.dll</ModulePath>
      <ModuleTime>2017-02-25T00:12:08Z</ModuleTime>
      <ModuleName>NuGet.Versioning</ModuleName>
      <Classes />
    </Module>
    <Module skippedDueTo="MissingPdb" hash="2D-B6-7D-E6-F9-8D-3B-20-E0-42-41-9F-84-84-3A-53-C8-30-1B-83">
      <ModulePath>C:\Program Files\dotnet\sdk\1.0.0\NuGet.Packaging.Core.Types.dll</ModulePath>
      <ModuleTime>2017-02-25T00:12:06Z</ModuleTime>
      <ModuleName>NuGet.Packaging.Core.Types</ModuleName>
      <Classes />
    </Module>
    <Module skippedDueTo="MissingPdb" hash="07-C6-A8-2F-FA-C4-30-51-D0-AF-C2-44-82-66-AD-46-12-88-70-CE">
      <ModulePath>C:\Program Files\dotnet\sdk\1.0.0\NuGet.LibraryModel.dll</ModulePath>
      <ModuleTime>2017-02-25T00:12:06Z</ModuleTime>
      <ModuleName>NuGet.LibraryModel</ModuleName>
      <Classes />
    </Module>
    <Module skippedDueTo="MissingPdb" hash="76-B7-3F-2D-15-13-AC-FB-45-84-FB-AF-D4-10-FD-D7-54-4E-71-A4">
      <ModulePath>C:\Program Files\dotnet\sdk\1.0.0\NuGet.Packaging.Core.dll</ModulePath>
      <ModuleTime>2017-02-25T00:12:06Z</ModuleTime>
      <ModuleName>NuGet.Packaging.Core</ModuleName>
      <Classes />
    </Module>
    <Module skippedDueTo="MissingPdb" hash="C8-81-0E-05-73-05-15-A5-41-5A-74-D7-3B-22-19-45-3D-01-74-AD">
      <ModulePath>C:\Program Files\dotnet\sdk\1.0.0\NuGet.RuntimeModel.dll</ModulePath>
      <ModuleTime>2017-02-25T00:12:08Z</ModuleTime>
      <ModuleName>NuGet.RuntimeModel</ModuleName>
      <Classes />
    </Module>
    <Module skippedDueTo="MissingPdb" hash="5A-FD-98-E8-86-B5-56-97-ED-C9-BB-37-01-89-B5-BD-12-77-55-87">
      <ModulePath>C:\Program Files\dotnet\sdk\1.0.0\NuGet.Packaging.dll</ModulePath>
      <ModuleTime>2017-02-25T00:12:06Z</ModuleTime>
      <ModuleName>NuGet.Packaging</ModuleName>
      <Classes />
    </Module>
    <Module skippedDueTo="Filter" hash="F1-FF-62-11-2D-CC-2F-41-15-D3-BD-3F-A6-A3-58-66-C0-CE-E7-26">
      <ModulePath>C:\Program Files\dotnet\sdk\1.0.0\System.Reflection.Metadata.dll</ModulePath>
      <ModuleTime>2017-02-25T00:12:08Z</ModuleTime>
      <ModuleName>System.Reflection.Metadata</ModuleName>
      <Classes />
    </Module>
    <Module skippedDueTo="Filter" hash="EE-D5-63-DA-70-03-D0-A1-09-AE-AF-E8-D1-30-0B-2C-DE-31-B0-7C">
      <ModulePath>C:\Program Files\dotnet\shared\Microsoft.NETCore.App\1.1.1\System.IO.MemoryMappedFiles.dll</ModulePath>
      <ModuleTime>2017-02-10T01:37:12Z</ModuleTime>
      <ModuleName>System.IO.MemoryMappedFiles</ModuleName>
      <Classes />
    </Module>
    <Module skippedDueTo="Filter" hash="3A-F7-7A-D6-92-D7-40-1D-39-D2-D7-20-AD-01-14-35-45-D9-81-51">
      <ModulePath>C:\Program Files\dotnet\shared\Microsoft.NETCore.App\1.1.1\System.IO.UnmanagedMemoryStream.dll</ModulePath>
      <ModuleTime>2017-02-10T01:37:20Z</ModuleTime>
      <ModuleName>System.IO.UnmanagedMemoryStream</ModuleName>
      <Classes />
    </Module>
    <Module skippedDueTo="Filter" hash="FB-E9-0D-CE-EE-49-C6-E1-F1-97-AE-93-94-4F-3B-A4-6B-C4-DB-A0">
      <ModulePath>C:\Program Files\dotnet\shared\Microsoft.NETCore.App\1.1.1\System.Security.Cryptography.Algorithms.dll</ModulePath>
      <ModuleTime>2017-02-10T01:37:28Z</ModuleTime>
      <ModuleName>System.Security.Cryptography.Algorithms</ModuleName>
      <Classes />
    </Module>
    <Module skippedDueTo="Filter" hash="74-23-31-A6-75-91-EA-20-97-F9-9B-34-2D-1A-83-81-54-CB-00-FD">
      <ModulePath>C:\Program Files\dotnet\shared\Microsoft.NETCore.App\1.1.1\System.Security.Cryptography.Primitives.dll</ModulePath>
      <ModuleTime>2017-02-10T01:37:28Z</ModuleTime>
      <ModuleName>System.Security.Cryptography.Primitives</ModuleName>
      <Classes />
    </Module>
    <Module skippedDueTo="Filter" hash="D8-C3-BE-39-37-DE-66-3D-6D-28-B6-5B-39-36-03-51-E9-3E-41-04">
      <ModulePath>C:\Program Files\dotnet\sdk\1.0.0\System.Runtime.Serialization.Primitives.dll</ModulePath>
      <ModuleTime>2017-02-25T00:12:10Z</ModuleTime>
      <ModuleName>System.Runtime.Serialization.Primitives</ModuleName>
      <Classes />
    </Module>
    <Module skippedDueTo="Filter" hash="44-AE-13-0F-53-1C-EE-5C-EF-5E-9C-36-3B-EF-E7-A5-D8-C0-8A-58">
      <ModulePath>C:\Program Files\dotnet\shared\Microsoft.NETCore.App\1.1.1\System.Reflection.Emit.ILGeneration.dll</ModulePath>
      <ModuleTime>2017-02-10T01:37:10Z</ModuleTime>
      <ModuleName>System.Reflection.Emit.ILGeneration</ModuleName>
      <Classes />
    </Module>
    <Module skippedDueTo="Filter" hash="EC-9E-DF-13-CB-D1-0A-16-DB-55-BD-1A-47-42-25-A4-90-6D-2C-3A">
      <ModulePath>C:\Program Files\dotnet\shared\Microsoft.NETCore.App\1.1.1\System.Reflection.Emit.Lightweight.dll</ModulePath>
      <ModuleTime>2017-02-10T01:37:10Z</ModuleTime>
      <ModuleName>System.Reflection.Emit.Lightweight</ModuleName>
      <Classes />
    </Module>
    <Module skippedDueTo="MissingPdb" hash="">
      <ModulePath>RefEmit_InMemoryManifestModule</ModulePath>
      <ModuleTime>0001-01-01T00:00:00</ModuleTime>
      <ModuleName>Anonymously Hosted DynamicMethods Assembly</ModuleName>
      <Classes />
    </Module>
    <Module skippedDueTo="Filter" hash="21-84-55-22-AD-E8-35-6E-DE-88-61-95-09-04-ED-DD-01-91-BE-93">
      <ModulePath>C:\Program Files\dotnet\shared\Microsoft.NETCore.App\1.1.1\System.AppContext.dll</ModulePath>
      <ModuleTime>2017-02-10T01:37:18Z</ModuleTime>
      <ModuleName>System.AppContext</ModuleName>
      <Classes />
    </Module>
    <Module skippedDueTo="Filter" hash="68-37-6E-D7-3C-D3-07-E3-27-4C-8D-9E-B8-FF-EB-41-69-83-B5-10">
      <ModulePath>C:\Program Files\dotnet\shared\Microsoft.NETCore.App\1.0.4\System.Private.CoreLib.ni.dll</ModulePath>
      <ModuleTime>2017-02-10T01:39:22Z</ModuleTime>
      <ModuleName>System.Private.CoreLib</ModuleName>
      <Classes />
    </Module>
    <Module skippedDueTo="MissingPdb" hash="2C-27-80-EE-1A-DB-CF-5D-60-12-CC-A1-C0-D6-4F-74-51-48-23-6D">
      <ModulePath>C:\Program Files\dotnet\sdk\1.0.0\vstest.console.dll</ModulePath>
      <ModuleTime>2017-02-25T00:12:10Z</ModuleTime>
      <ModuleName>vstest.console</ModuleName>
      <Classes />
    </Module>
    <Module skippedDueTo="Filter" hash="7D-BD-C4-15-BA-50-05-54-D0-53-E8-81-68-72-E3-F9-6F-BD-9A-C5">
      <ModulePath>C:\Program Files\dotnet\shared\Microsoft.NETCore.App\1.0.4\System.Runtime.dll</ModulePath>
      <ModuleTime>2017-02-10T01:39:02Z</ModuleTime>
      <ModuleName>System.Runtime</ModuleName>
      <Classes />
    </Module>
    <Module skippedDueTo="Filter" hash="29-11-D3-BD-32-9A-F3-B4-31-E9-BC-BF-E2-65-B1-E0-AA-9C-0E-80">
      <ModulePath>C:\Program Files\dotnet\shared\Microsoft.NETCore.App\1.0.4\mscorlib.dll</ModulePath>
      <ModuleTime>2017-02-08T23:23:44Z</ModuleTime>
      <ModuleName>mscorlib</ModuleName>
      <Classes />
    </Module>
    <Module skippedDueTo="Filter" hash="F9-14-FE-AF-60-1E-16-79-B7-37-A2-A1-37-58-BC-17-0B-37-E2-90">
      <ModulePath>C:\Program Files\dotnet\shared\Microsoft.NETCore.App\1.0.4\System.Runtime.Extensions.dll</ModulePath>
      <ModuleTime>2017-02-10T01:39:14Z</ModuleTime>
      <ModuleName>System.Runtime.Extensions</ModuleName>
      <Classes />
    </Module>
    <Module skippedDueTo="MissingPdb" hash="16-C1-7B-80-9A-9B-A5-33-91-CE-01-94-01-E3-6A-0F-B5-F2-7E-59">
      <ModulePath>C:\Program Files\dotnet\sdk\1.0.0\Microsoft.TestPlatform.CoreUtilities.dll</ModulePath>
      <ModuleTime>2017-02-25T00:12:04Z</ModuleTime>
      <ModuleName>Microsoft.TestPlatform.CoreUtilities</ModuleName>
      <Classes />
    </Module>
    <Module skippedDueTo="Filter" hash="00-69-63-BF-5A-44-49-70-E2-3B-6C-9E-71-69-AF-98-70-B0-F7-00">
      <ModulePath>C:\Program Files\dotnet\shared\Microsoft.NETCore.App\1.0.4\System.Diagnostics.Process.dll</ModulePath>
      <ModuleTime>2017-02-10T01:39:14Z</ModuleTime>
      <ModuleName>System.Diagnostics.Process</ModuleName>
      <Classes />
    </Module>
    <Module skippedDueTo="Filter" hash="1A-03-5F-03-58-1B-E0-5A-9F-0B-70-38-3B-A0-3A-4F-D1-ED-2E-42">
      <ModulePath>C:\Program Files\dotnet\shared\Microsoft.NETCore.App\1.0.4\System.Diagnostics.Debug.dll</ModulePath>
      <ModuleTime>2017-02-10T01:38:46Z</ModuleTime>
      <ModuleName>System.Diagnostics.Debug</ModuleName>
      <Classes />
    </Module>
    <Module skippedDueTo="Filter" hash="FD-EF-C9-82-19-5D-09-1E-A2-D8-05-B9-42-13-5B-56-C6-1D-D1-1D">
      <ModulePath>C:\Program Files\dotnet\shared\Microsoft.NETCore.App\1.0.4\System.Threading.Thread.dll</ModulePath>
      <ModuleTime>2017-02-10T01:39:14Z</ModuleTime>
      <ModuleName>System.Threading.Thread</ModuleName>
      <Classes />
    </Module>
    <Module skippedDueTo="Filter" hash="6E-D0-30-5F-36-C4-D3-A0-9B-99-20-0E-B2-89-8C-AD-74-32-D6-6D">
      <ModulePath>C:\Program Files\dotnet\shared\Microsoft.NETCore.App\1.0.4\System.Threading.dll</ModulePath>
      <ModuleTime>2017-02-10T01:42:38Z</ModuleTime>
      <ModuleName>System.Threading</ModuleName>
      <Classes />
    </Module>
    <Module skippedDueTo="Filter" hash="2E-B5-2A-8D-E3-5E-82-05-D6-FC-5D-F8-EC-5B-80-6C-78-02-5A-C3">
      <ModulePath>C:\Program Files\dotnet\shared\Microsoft.NETCore.App\1.0.4\System.Console.dll</ModulePath>
      <ModuleTime>2017-02-10T01:39:14Z</ModuleTime>
      <ModuleName>System.Console</ModuleName>
      <Classes />
    </Module>
    <Module skippedDueTo="Filter" hash="AB-C1-86-E4-C9-D8-F6-A9-83-52-61-C1-94-82-4A-27-96-BA-B2-EA">
      <ModulePath>C:\Program Files\dotnet\shared\Microsoft.NETCore.App\1.0.4\System.IO.dll</ModulePath>
      <ModuleTime>2017-02-10T01:39:14Z</ModuleTime>
      <ModuleName>System.IO</ModuleName>
      <Classes />
    </Module>
    <Module skippedDueTo="Filter" hash="8A-E0-93-A9-BF-62-65-1F-E8-80-83-C9-A5-37-68-7A-18-87-8D-F6">
      <ModulePath>C:\Program Files\dotnet\shared\Microsoft.NETCore.App\1.0.4\System.IO.FileSystem.Primitives.dll</ModulePath>
      <ModuleTime>2017-02-10T01:42:36Z</ModuleTime>
      <ModuleName>System.IO.FileSystem.Primitives</ModuleName>
      <Classes />
    </Module>
    <Module skippedDueTo="Filter" hash="A5-D3-94-E4-2E-E8-CD-3C-11-22-A5-AF-A1-38-F9-0F-AD-32-FC-85">
      <ModulePath>C:\Program Files\dotnet\shared\Microsoft.NETCore.App\1.0.4\System.Text.Encoding.dll</ModulePath>
      <ModuleTime>2017-02-10T01:39:02Z</ModuleTime>
      <ModuleName>System.Text.Encoding</ModuleName>
      <Classes />
    </Module>
    <Module skippedDueTo="Filter" hash="EB-09-E3-E6-A5-68-0F-9C-51-93-CB-59-25-45-7E-FB-B4-C4-87-F4">
      <ModulePath>C:\Program Files\dotnet\shared\Microsoft.NETCore.App\1.0.4\System.Text.Encoding.Extensions.dll</ModulePath>
      <ModuleTime>2017-02-10T01:42:36Z</ModuleTime>
      <ModuleName>System.Text.Encoding.Extensions</ModuleName>
      <Classes />
    </Module>
    <Module skippedDueTo="Filter" hash="16-17-BB-B4-27-68-8F-30-9E-B0-90-B0-8A-25-23-BB-BF-20-A8-9E">
      <ModulePath>C:\Program Files\dotnet\shared\Microsoft.NETCore.App\1.0.4\System.Threading.Tasks.dll</ModulePath>
      <ModuleTime>2017-02-10T01:42:38Z</ModuleTime>
      <ModuleName>System.Threading.Tasks</ModuleName>
      <Classes />
    </Module>
    <Module skippedDueTo="Filter" hash="5A-73-E0-5E-E5-96-19-19-06-43-82-8D-3F-49-70-8C-98-35-BB-0F">
      <ModulePath>C:\Program Files\dotnet\shared\Microsoft.NETCore.App\1.0.4\System.Diagnostics.Tracing.dll</ModulePath>
      <ModuleTime>2017-02-10T01:39:02Z</ModuleTime>
      <ModuleName>System.Diagnostics.Tracing</ModuleName>
      <Classes />
    </Module>
    <Module skippedDueTo="Filter" hash="C5-EC-96-EC-81-3B-08-71-A1-32-7D-74-4C-C4-E9-D8-7E-55-2D-B9">
      <ModulePath>C:\Program Files\dotnet\shared\Microsoft.NETCore.App\1.0.4\System.Collections.dll</ModulePath>
      <ModuleTime>2017-02-10T01:39:14Z</ModuleTime>
      <ModuleName>System.Collections</ModuleName>
      <Classes />
    </Module>
    <Module skippedDueTo="MissingPdb" hash="3F-4C-A5-EE-76-A3-66-D6-F1-34-EE-39-D3-EF-85-85-72-CD-DC-BD">
      <ModulePath>C:\Program Files\dotnet\sdk\1.0.0\Microsoft.VisualStudio.TestPlatform.ObjectModel.dll</ModulePath>
      <ModuleTime>2017-02-25T00:12:04Z</ModuleTime>
      <ModuleName>Microsoft.VisualStudio.TestPlatform.ObjectModel</ModuleName>
      <Classes />
    </Module>
    <Module skippedDueTo="Filter" hash="9B-94-5E-4E-47-2E-AC-F8-E7-BA-FD-EC-66-5D-B0-E9-F3-5A-E5-7F">
      <ModulePath>C:\Program Files\dotnet\shared\Microsoft.NETCore.App\1.0.4\System.Linq.dll</ModulePath>
      <ModuleTime>2017-02-10T01:38:46Z</ModuleTime>
      <ModuleName>System.Linq</ModuleName>
      <Classes />
    </Module>
    <Module skippedDueTo="Filter" hash="83-A0-97-B5-C2-9F-D9-E4-83-89-B3-93-96-8F-1B-31-5B-1F-A8-A2">
      <ModulePath>C:\Program Files\dotnet\shared\Microsoft.NETCore.App\1.0.4\System.Reflection.dll</ModulePath>
      <ModuleTime>2017-02-10T01:39:02Z</ModuleTime>
      <ModuleName>System.Reflection</ModuleName>
      <Classes />
    </Module>
    <Module skippedDueTo="Filter" hash="F6-14-0E-27-FF-29-00-D8-27-2E-82-B7-02-C6-8B-2D-5B-6A-8B-05">
      <ModulePath>C:\Program Files\dotnet\shared\Microsoft.NETCore.App\1.0.4\System.Globalization.dll</ModulePath>
      <ModuleTime>2017-02-10T01:39:14Z</ModuleTime>
      <ModuleName>System.Globalization</ModuleName>
      <Classes />
    </Module>
    <Module skippedDueTo="Filter" hash="7C-BA-FC-87-DD-F5-FB-F0-78-56-0E-7B-5F-02-A4-D3-07-1B-52-B6">
      <ModulePath>C:\Program Files\dotnet\shared\Microsoft.NETCore.App\1.0.4\System.Resources.ResourceManager.dll</ModulePath>
      <ModuleTime>2017-02-10T01:39:02Z</ModuleTime>
      <ModuleName>System.Resources.ResourceManager</ModuleName>
      <Classes />
    </Module>
    <Module skippedDueTo="Filter" hash="AB-F8-94-9E-DC-8A-D8-15-1D-B6-91-D4-D9-65-11-4F-16-DB-C8-19">
      <ModulePath>C:\Program Files\dotnet\shared\Microsoft.NETCore.App\1.0.4\System.IO.FileSystem.dll</ModulePath>
      <ModuleTime>2017-02-10T01:38:42Z</ModuleTime>
      <ModuleName>System.IO.FileSystem</ModuleName>
      <Classes />
    </Module>
    <Module skippedDueTo="Filter" hash="8D-AE-7F-49-1D-C0-2F-6E-FA-5F-B4-C5-E7-8F-BA-A2-15-D7-FE-3C">
      <ModulePath>C:\Program Files\dotnet\sdk\1.0.0\runtimes\win\lib\netstandard1.3\System.Diagnostics.TraceSource.dll</ModulePath>
      <ModuleTime>2017-02-25T00:12:08Z</ModuleTime>
      <ModuleName>System.Diagnostics.TraceSource</ModuleName>
      <Classes />
    </Module>
    <Module skippedDueTo="MissingPdb" hash="7B-1B-D0-8B-3E-B5-34-9E-57-34-88-B7-6B-0C-9E-AB-E3-58-F8-00">
      <ModulePath>C:\Program Files\dotnet\sdk\1.0.0\Microsoft.VisualStudio.TestPlatform.Common.dll</ModulePath>
      <ModuleTime>2017-02-25T00:12:04Z</ModuleTime>
      <ModuleName>Microsoft.VisualStudio.TestPlatform.Common</ModuleName>
      <Classes />
    </Module>
    <Module skippedDueTo="MissingPdb" hash="06-A2-21-92-3E-94-2E-15-F2-35-1C-89-02-59-35-24-FB-27-52-EB">
      <ModulePath>C:\Program Files\dotnet\sdk\1.0.0\Microsoft.VisualStudio.TestPlatform.Client.dll</ModulePath>
      <ModuleTime>2017-02-25T00:12:04Z</ModuleTime>
      <ModuleName>Microsoft.VisualStudio.TestPlatform.Client</ModuleName>
      <Classes />
    </Module>
    <Module skippedDueTo="MissingPdb" hash="51-EF-F2-41-1F-3A-1C-DA-52-AA-4F-5B-B3-B0-27-B4-3A-E8-FE-1B">
      <ModulePath>C:\Program Files\dotnet\sdk\1.0.0\Microsoft.TestPlatform.CrossPlatEngine.dll</ModulePath>
      <ModuleTime>2017-02-25T00:12:06Z</ModuleTime>
      <ModuleName>Microsoft.TestPlatform.CrossPlatEngine</ModuleName>
      <Classes />
    </Module>
    <Module skippedDueTo="Filter" hash="79-81-4B-E8-63-07-1E-92-47-B7-17-73-A2-0C-54-C6-0C-30-63-B3">
      <ModulePath>C:\Program Files\dotnet\shared\Microsoft.NETCore.App\1.0.4\System.Runtime.Loader.dll</ModulePath>
      <ModuleTime>2017-02-10T01:39:02Z</ModuleTime>
      <ModuleName>System.Runtime.Loader</ModuleName>
      <Classes />
    </Module>
    <Module skippedDueTo="Filter" hash="6C-D6-A4-60-73-C6-38-44-D6-E5-BD-06-2D-24-60-DA-FE-E0-66-51">
      <ModulePath>C:\Program Files\dotnet\shared\Microsoft.NETCore.App\1.0.4\System.Text.RegularExpressions.dll</ModulePath>
      <ModuleTime>2017-02-10T01:38:46Z</ModuleTime>
      <ModuleName>System.Text.RegularExpressions</ModuleName>
      <Classes />
    </Module>
    <Module skippedDueTo="Filter" hash="0B-F4-98-E6-4F-38-80-EE-7C-CA-3C-E5-7A-88-92-18-CE-3D-D1-F8">
      <ModulePath>C:\Program Files\dotnet\shared\Microsoft.NETCore.App\1.0.4\System.Runtime.Handles.dll</ModulePath>
      <ModuleTime>2017-02-10T01:39:24Z</ModuleTime>
      <ModuleName>System.Runtime.Handles</ModuleName>
      <Classes />
    </Module>
    <Module skippedDueTo="Filter" hash="18-7C-16-90-FB-81-0A-D9-63-05-F9-CD-FE-A6-B2-C0-51-FD-77-11">
      <ModulePath>C:\Program Files\dotnet\shared\Microsoft.NETCore.App\1.0.4\System.Runtime.InteropServices.dll</ModulePath>
      <ModuleTime>2017-02-10T01:39:02Z</ModuleTime>
      <ModuleName>System.Runtime.InteropServices</ModuleName>
      <Classes />
    </Module>
    <Module skippedDueTo="MissingPdb" hash="05-0B-DC-D5-16-8F-C9-C5-57-A2-F6-A5-02-0D-BD-B6-EF-4C-46-54">
      <ModulePath>C:\Program Files\dotnet\sdk\1.0.0\Extensions\Microsoft.VisualStudio.TestPlatform.Extensions.TrxLogger.dll</ModulePath>
      <ModuleTime>2017-02-25T00:12:04Z</ModuleTime>
      <ModuleName>Microsoft.VisualStudio.TestPlatform.Extensions.TrxLogger</ModuleName>
      <Classes />
    </Module>
    <Module skippedDueTo="Filter" hash="35-85-CC-1B-78-3D-DB-45-5D-99-DE-07-BF-D2-D4-4D-AC-65-A1-E7">
      <ModulePath>C:\Program Files\dotnet\shared\Microsoft.NETCore.App\1.0.4\System.Reflection.Extensions.dll</ModulePath>
      <ModuleTime>2017-02-10T01:39:02Z</ModuleTime>
      <ModuleName>System.Reflection.Extensions</ModuleName>
      <Classes />
    </Module>
    <Module skippedDueTo="Filter" hash="7E-9C-49-86-01-D2-8D-7B-B8-08-D7-8E-DD-8C-E9-65-59-8B-4A-E6">
      <ModulePath>C:\Program Files\dotnet\shared\Microsoft.NETCore.App\1.0.4\System.Private.Uri.dll</ModulePath>
      <ModuleTime>2017-02-10T01:39:14Z</ModuleTime>
      <ModuleName>System.Private.Uri</ModuleName>
      <Classes />
    </Module>
    <Module skippedDueTo="Filter" hash="4A-28-31-60-3C-EF-24-FA-24-CA-F0-2E-67-6A-DE-7C-8A-AB-3F-E7">
      <ModulePath>C:\Program Files\dotnet\shared\Microsoft.NETCore.App\1.0.4\System.Xml.ReaderWriter.dll</ModulePath>
      <ModuleTime>2017-02-10T01:42:40Z</ModuleTime>
      <ModuleName>System.Xml.ReaderWriter</ModuleName>
      <Classes />
    </Module>
    <Module skippedDueTo="Filter" hash="EE-52-5A-88-74-57-B8-D0-E6-51-58-78-AB-8E-24-96-6C-1A-2A-A4">
      <ModulePath>C:\Program Files\dotnet\shared\Microsoft.NETCore.App\1.0.4\System.Runtime.InteropServices.RuntimeInformation.dll</ModulePath>
      <ModuleTime>2017-02-10T01:39:02Z</ModuleTime>
      <ModuleName>System.Runtime.InteropServices.RuntimeInformation</ModuleName>
      <Classes />
    </Module>
    <Module skippedDueTo="Filter" hash="67-6D-8E-EB-D3-FB-B8-49-CB-7B-50-3C-C7-1C-24-C7-33-F3-F3-E3">
      <ModulePath>C:\Program Files\dotnet\shared\Microsoft.NETCore.App\1.0.4\System.Xml.XmlDocument.dll</ModulePath>
      <ModuleTime>2017-02-10T01:39:14Z</ModuleTime>
      <ModuleName>System.Xml.XmlDocument</ModuleName>
      <Classes />
    </Module>
    <Module skippedDueTo="Filter" hash="3A-F1-6B-2A-98-47-70-9E-D9-99-F0-16-67-2C-01-29-31-3E-4E-76">
      <ModulePath>C:\Program Files\dotnet\sdk\1.0.0\System.Xml.XPath.XmlDocument.dll</ModulePath>
      <ModuleTime>2017-02-25T00:12:10Z</ModuleTime>
      <ModuleName>System.Xml.XPath.XmlDocument</ModuleName>
      <Classes />
    </Module>
    <Module skippedDueTo="Filter" hash="89-B0-C0-79-2C-BD-EC-7C-BC-98-87-F0-5B-1C-01-B4-91-DD-23-86">
      <ModulePath>C:\Program Files\dotnet\shared\Microsoft.NETCore.App\1.0.4\System.Xml.XPath.dll</ModulePath>
      <ModuleTime>2017-02-10T01:39:02Z</ModuleTime>
      <ModuleName>System.Xml.XPath</ModuleName>
      <Classes />
    </Module>
    <Module skippedDueTo="MissingPdb" hash="A8-B1-9E-9E-34-0A-E1-73-13-37-4C-71-CF-F3-66-C4-F9-87-D6-3B">
      <ModulePath>C:\Program Files\dotnet\sdk\1.0.0\Microsoft.TestPlatform.Utilities.dll</ModulePath>
      <ModuleTime>2017-02-25T00:12:04Z</ModuleTime>
      <ModuleName>Microsoft.TestPlatform.Utilities</ModuleName>
      <Classes />
    </Module>
    <Module skippedDueTo="MissingPdb" hash="36-1F-E2-B5-E5-F7-E4-BF-53-9A-1B-A4-E8-74-8D-46-1B-D8-FD-92">
      <ModulePath>C:\Program Files\dotnet\sdk\1.0.0\Microsoft.TestPlatform.CommunicationUtilities.dll</ModulePath>
      <ModuleTime>2017-02-25T00:12:04Z</ModuleTime>
      <ModuleName>Microsoft.TestPlatform.CommunicationUtilities</ModuleName>
      <Classes />
    </Module>
    <Module skippedDueTo="MissingPdb" hash="B6-AC-8A-4F-46-C3-68-04-E3-F0-FF-D0-90-71-3B-AD-2E-9A-B2-FA">
      <ModulePath>C:\Program Files\dotnet\sdk\1.0.0\Newtonsoft.Json.dll</ModulePath>
      <ModuleTime>2017-02-25T00:06:46Z</ModuleTime>
      <ModuleName>Newtonsoft.Json</ModuleName>
      <Classes />
    </Module>
    <Module skippedDueTo="Filter" hash="D8-C3-BE-39-37-DE-66-3D-6D-28-B6-5B-39-36-03-51-E9-3E-41-04">
      <ModulePath>C:\Program Files\dotnet\sdk\1.0.0\System.Runtime.Serialization.Primitives.dll</ModulePath>
      <ModuleTime>2017-02-25T00:12:10Z</ModuleTime>
      <ModuleName>System.Runtime.Serialization.Primitives</ModuleName>
      <Classes />
    </Module>
    <Module skippedDueTo="Filter" hash="ED-59-95-7F-80-4A-A9-7C-91-4F-87-D7-A4-14-E6-39-C8-3B-79-4E">
      <ModulePath>C:\Program Files\dotnet\shared\Microsoft.NETCore.App\1.0.4\System.Net.Primitives.dll</ModulePath>
      <ModuleTime>2017-02-10T01:39:16Z</ModuleTime>
      <ModuleName>System.Net.Primitives</ModuleName>
      <Classes />
    </Module>
    <Module skippedDueTo="Filter" hash="C7-09-07-95-21-AC-9C-61-46-D7-65-6B-77-8C-30-C1-1B-3E-4B-E6">
      <ModulePath>C:\Program Files\dotnet\shared\Microsoft.NETCore.App\1.0.4\System.Net.Sockets.dll</ModulePath>
      <ModuleTime>2017-02-10T01:39:14Z</ModuleTime>
      <ModuleName>System.Net.Sockets</ModuleName>
      <Classes />
    </Module>
    <Module skippedDueTo="Filter" hash="25-1E-52-3F-26-A0-FC-77-BD-46-73-FE-2D-73-A2-BF-2B-68-00-06">
      <ModulePath>C:\Program Files\dotnet\shared\Microsoft.NETCore.App\1.0.4\System.Net.NameResolution.dll</ModulePath>
      <ModuleTime>2017-02-10T01:39:02Z</ModuleTime>
      <ModuleName>System.Net.NameResolution</ModuleName>
      <Classes />
    </Module>
    <Module skippedDueTo="MissingPdb" hash="4E-15-5E-C8-BE-53-54-70-45-CC-22-F8-BC-FF-9E-94-DB-E9-2D-71">
      <ModulePath>C:\Program Files\dotnet\shared\Microsoft.NETCore.App\1.0.4\Microsoft.Win32.Primitives.dll</ModulePath>
      <ModuleTime>2017-02-10T01:39:24Z</ModuleTime>
      <ModuleName>Microsoft.Win32.Primitives</ModuleName>
      <Classes />
    </Module>
    <Module skippedDueTo="Filter" hash="69-89-54-87-5D-22-60-B8-B9-B1-A1-C9-5E-39-76-D8-34-57-D3-64">
      <ModulePath>C:\Program Files\dotnet\shared\Microsoft.NETCore.App\1.0.4\System.Threading.Overlapped.dll</ModulePath>
      <ModuleTime>2017-02-10T01:39:14Z</ModuleTime>
      <ModuleName>System.Threading.Overlapped</ModuleName>
      <Classes />
    </Module>
    <Module skippedDueTo="MissingPdb" hash="7A-A6-38-55-50-9F-70-C0-DA-F3-A2-2E-CE-60-BB-72-BF-B2-E3-E9">
      <ModulePath>C:\Program Files\dotnet\sdk\1.0.0\Microsoft.Extensions.DependencyModel.dll</ModulePath>
      <ModuleTime>2017-02-25T00:12:02Z</ModuleTime>
      <ModuleName>Microsoft.Extensions.DependencyModel</ModuleName>
      <Classes />
    </Module>
    <Module skippedDueTo="Filter" hash="4C-94-4B-75-AD-35-27-62-85-68-6F-79-84-C8-F2-5A-A4-D8-1B-B8">
      <ModulePath>C:\Program Files\dotnet\shared\Microsoft.NETCore.App\1.0.4\System.Dynamic.Runtime.dll</ModulePath>
      <ModuleTime>2017-02-10T01:39:14Z</ModuleTime>
      <ModuleName>System.Dynamic.Runtime</ModuleName>
      <Classes />
    </Module>
    <Module skippedDueTo="Filter" hash="1D-F3-C0-64-25-23-FF-15-E3-8F-FE-24-76-50-D8-B8-36-8C-17-EF">
      <ModulePath>C:\Program Files\dotnet\shared\Microsoft.NETCore.App\1.0.4\System.Linq.Expressions.dll</ModulePath>
      <ModuleTime>2017-02-10T01:39:02Z</ModuleTime>
      <ModuleName>System.Linq.Expressions</ModuleName>
      <Classes />
    </Module>
    <Module skippedDueTo="Filter" hash="77-EC-B3-AD-34-D0-88-07-3F-4C-57-9B-33-62-11-1D-49-A8-E4-8F">
      <ModulePath>C:\Program Files\dotnet\shared\Microsoft.NETCore.App\1.0.4\System.ObjectModel.dll</ModulePath>
      <ModuleTime>2017-02-10T01:39:24Z</ModuleTime>
      <ModuleName>System.ObjectModel</ModuleName>
      <Classes />
    </Module>
    <Module skippedDueTo="Filter" hash="A0-ED-A9-DC-E8-DA-41-59-16-1A-67-7A-D1-C5-04-26-C2-4C-5B-32">
      <ModulePath>C:\Program Files\dotnet\shared\Microsoft.NETCore.App\1.0.4\System.Threading.ThreadPool.dll</ModulePath>
      <ModuleTime>2017-02-10T01:38:42Z</ModuleTime>
      <ModuleName>System.Threading.ThreadPool</ModuleName>
      <Classes />
    </Module>
    <Module skippedDueTo="Filter" hash="04-7D-5C-C6-C3-11-D8-F7-A7-7B-84-9E-EF-FF-50-78-5E-47-DF-60">
      <ModulePath>C:\Program Files\dotnet\shared\Microsoft.NETCore.App\1.1.1\System.Private.CoreLib.ni.dll</ModulePath>
      <ModuleTime>2017-02-10T01:37:52Z</ModuleTime>
      <ModuleName>System.Private.CoreLib</ModuleName>
      <Classes />
    </Module>
    <Module skippedDueTo="MissingPdb" hash="32-81-DE-37-95-0D-78-DD-D3-41-E8-F9-0C-B5-86-2C-67-4E-9E-CA">
      <ModulePath>C:\Users\pawel\.nuget\packages\microsoft.testplatform.testhost\15.0.0\lib\netstandard1.5\testhost.dll</ModulePath>
      <ModuleTime>2017-02-23T09:34:52Z</ModuleTime>
      <ModuleName>testhost</ModuleName>
      <Classes />
    </Module>
    <Module skippedDueTo="Filter" hash="F1-50-99-8F-96-03-53-60-56-BB-33-F9-8F-0A-F4-12-C2-6B-2B-2B">
      <ModulePath>C:\Program Files\dotnet\shared\Microsoft.NETCore.App\1.1.1\System.Runtime.dll</ModulePath>
      <ModuleTime>2017-02-10T01:37:22Z</ModuleTime>
      <ModuleName>System.Runtime</ModuleName>
      <Classes />
    </Module>
    <Module skippedDueTo="Filter" hash="4F-57-B1-DA-12-6E-E4-14-D0-F4-E3-6B-40-B0-6B-0B-E4-2C-29-33">
      <ModulePath>C:\Program Files\dotnet\shared\Microsoft.NETCore.App\1.1.1\mscorlib.dll</ModulePath>
      <ModuleTime>2017-02-09T07:11:22Z</ModuleTime>
      <ModuleName>mscorlib</ModuleName>
      <Classes />
    </Module>
    <Module skippedDueTo="MissingPdb" hash="85-67-E3-92-F6-A3-D6-41-F9-36-40-09-76-DD-12-EF-F1-44-A4-B9">
      <ModulePath>C:\Users\pawel\.nuget\packages\microsoft.testplatform.objectmodel\15.0.0\lib\netstandard1.5\Microsoft.TestPlatform.CoreUtilities.dll</ModulePath>
      <ModuleTime>2017-02-23T09:34:50Z</ModuleTime>
      <ModuleName>Microsoft.TestPlatform.CoreUtilities</ModuleName>
      <Classes />
    </Module>
    <Module skippedDueTo="Filter" hash="3E-66-16-64-26-3C-87-1E-74-15-0C-FF-2D-4C-EF-E3-CB-8D-D1-06">
      <ModulePath>C:\Program Files\dotnet\shared\Microsoft.NETCore.App\1.1.1\System.Diagnostics.Tracing.dll</ModulePath>
      <ModuleTime>2017-02-10T01:37:04Z</ModuleTime>
      <ModuleName>System.Diagnostics.Tracing</ModuleName>
      <Classes />
    </Module>
    <Module skippedDueTo="Filter" hash="C8-A8-E9-BF-B2-71-33-30-7F-C0-1E-C4-1B-FB-89-95-FC-BD-63-59">
      <ModulePath>C:\Program Files\dotnet\shared\Microsoft.NETCore.App\1.1.1\System.Runtime.Extensions.dll</ModulePath>
      <ModuleTime>2017-02-10T01:37:30Z</ModuleTime>
      <ModuleName>System.Runtime.Extensions</ModuleName>
      <Classes />
    </Module>
    <Module skippedDueTo="Filter" hash="DF-12-DE-C2-6F-C6-21-47-CB-C7-6B-67-B8-C4-A2-90-A2-9B-51-D8">
      <ModulePath>C:\Program Files\dotnet\shared\Microsoft.NETCore.App\1.1.1\System.Diagnostics.Process.dll</ModulePath>
      <ModuleTime>2017-02-10T01:37:14Z</ModuleTime>
      <ModuleName>System.Diagnostics.Process</ModuleName>
      <Classes />
    </Module>
    <Module skippedDueTo="Filter" hash="EB-7E-F7-DE-76-CB-9B-59-53-82-A2-9A-F9-9A-56-61-53-18-A2-20">
      <ModulePath>C:\Program Files\dotnet\shared\Microsoft.NETCore.App\1.1.1\System.Diagnostics.Debug.dll</ModulePath>
      <ModuleTime>2017-02-10T01:37:14Z</ModuleTime>
      <ModuleName>System.Diagnostics.Debug</ModuleName>
      <Classes />
    </Module>
    <Module skippedDueTo="Filter" hash="08-D3-E6-62-C3-C9-E4-EF-2C-38-38-AD-F2-BA-C8-30-CE-4F-6F-D5">
      <ModulePath>C:\Program Files\dotnet\shared\Microsoft.NETCore.App\1.1.1\System.Threading.Thread.dll</ModulePath>
      <ModuleTime>2017-02-10T01:37:16Z</ModuleTime>
      <ModuleName>System.Threading.Thread</ModuleName>
      <Classes />
    </Module>
    <Module skippedDueTo="Filter" hash="2C-1E-1E-95-53-33-D8-74-6B-8E-AF-3C-61-95-B8-EC-A6-46-54-1E">
      <ModulePath>C:\Program Files\dotnet\shared\Microsoft.NETCore.App\1.1.1\System.Collections.dll</ModulePath>
      <ModuleTime>2017-02-10T01:37:10Z</ModuleTime>
      <ModuleName>System.Collections</ModuleName>
      <Classes />
    </Module>
    <Module skippedDueTo="MissingPdb" hash="1F-8B-28-F0-91-42-5C-5B-80-69-4B-25-EF-C7-E4-84-06-FC-A1-11">
      <ModulePath>C:\Users\pawel\.nuget\packages\microsoft.testplatform.testhost\15.0.0\lib\netstandard1.5\Microsoft.TestPlatform.CommunicationUtilities.dll</ModulePath>
      <ModuleTime>2017-02-23T09:34:52Z</ModuleTime>
      <ModuleName>Microsoft.TestPlatform.CommunicationUtilities</ModuleName>
      <Classes />
    </Module>
    <Module skippedDueTo="MissingPdb" hash="C1-AF-67-21-3A-A3-79-05-78-F9-85-63-BB-3F-88-A1-54-FF-D7-7C">
      <ModulePath>C:\Users\pawel\.nuget\packages\microsoft.testplatform.objectmodel\15.0.0\lib\netstandard1.5\Microsoft.VisualStudio.TestPlatform.ObjectModel.dll</ModulePath>
      <ModuleTime>2017-02-23T09:34:50Z</ModuleTime>
      <ModuleName>Microsoft.VisualStudio.TestPlatform.ObjectModel</ModuleName>
      <Classes />
    </Module>
    <Module skippedDueTo="Filter" hash="F6-FC-F8-81-D4-06-82-2D-85-A8-59-21-7D-6D-4D-55-5B-A9-87-80">
      <ModulePath>C:\Program Files\dotnet\shared\Microsoft.NETCore.App\1.1.1\System.Threading.Tasks.dll</ModulePath>
      <ModuleTime>2017-02-10T01:37:28Z</ModuleTime>
      <ModuleName>System.Threading.Tasks</ModuleName>
      <Classes />
    </Module>
    <Module skippedDueTo="MissingPdb" hash="47-C2-A2-FA-B2-5D-F7-05-7D-BD-7B-1B-D9-7C-8F-9D-22-5A-9F-38">
      <ModulePath>C:\Users\pawel\.nuget\packages\microsoft.testplatform.testhost\15.0.0\lib\netstandard1.5\Microsoft.TestPlatform.CrossPlatEngine.dll</ModulePath>
      <ModuleTime>2017-02-23T09:34:52Z</ModuleTime>
      <ModuleName>Microsoft.TestPlatform.CrossPlatEngine</ModuleName>
      <Classes />
    </Module>
    <Module skippedDueTo="MissingPdb" hash="F1-21-B8-A5-86-21-AD-70-DF-32-C1-31-8A-8C-61-9C-F1-BE-AB-2E">
      <ModulePath>C:\Users\pawel\.nuget\packages\microsoft.testplatform.testhost\15.0.0\lib\netstandard1.5\Microsoft.VisualStudio.TestPlatform.Common.dll</ModulePath>
      <ModuleTime>2017-02-23T09:34:52Z</ModuleTime>
      <ModuleName>Microsoft.VisualStudio.TestPlatform.Common</ModuleName>
      <Classes />
    </Module>
    <Module skippedDueTo="MissingPdb" hash="53-D0-A3-B9-10-36-09-21-32-F4-D0-88-75-00-B5-DC-77-89-1D-78">
      <ModulePath>C:\Users\pawel\.nuget\packages\newtonsoft.json\9.0.1\lib\netstandard1.0\Newtonsoft.Json.dll</ModulePath>
      <ModuleTime>2016-06-13T23:06:14Z</ModuleTime>
      <ModuleName>Newtonsoft.Json</ModuleName>
      <Classes />
    </Module>
    <Module skippedDueTo="Filter" hash="47-BA-1A-A0-ED-BE-DB-BE-DF-14-2A-38-38-9E-3B-53-66-53-F1-5B">
      <ModulePath>C:\Users\pawel\.nuget\packages\system.runtime.serialization.primitives\4.1.1\lib\netstandard1.3\System.Runtime.Serialization.Primitives.dll</ModulePath>
      <ModuleTime>2016-06-11T23:14:32Z</ModuleTime>
      <ModuleName>System.Runtime.Serialization.Primitives</ModuleName>
      <Classes />
    </Module>
    <Module skippedDueTo="Filter" hash="AB-8D-3C-56-B3-67-8F-A0-6C-7A-A1-FA-C2-8D-50-1C-CD-59-ED-E7">
      <ModulePath>C:\Program Files\dotnet\shared\Microsoft.NETCore.App\1.1.1\System.Globalization.dll</ModulePath>
      <ModuleTime>2017-02-10T01:37:02Z</ModuleTime>
      <ModuleName>System.Globalization</ModuleName>
      <Classes />
    </Module>
    <Module skippedDueTo="Filter" hash="F9-14-54-02-CA-B5-AF-BC-4F-38-1D-43-F9-AF-3F-0B-B1-16-49-5F">
      <ModulePath>C:\Program Files\dotnet\shared\Microsoft.NETCore.App\1.1.1\System.Threading.dll</ModulePath>
      <ModuleTime>2017-02-10T01:37:26Z</ModuleTime>
      <ModuleName>System.Threading</ModuleName>
      <Classes />
    </Module>
    <Module skippedDueTo="Filter" hash="5E-87-81-F5-15-7C-EB-6F-DC-0F-02-24-30-57-05-B6-E1-13-12-1B">
      <ModulePath>C:\Users\pawel\.nuget\packages\system.diagnostics.tracesource\4.0.0\runtimes\win\lib\netstandard1.3\System.Diagnostics.TraceSource.dll</ModulePath>
      <ModuleTime>2016-06-11T23:13:38Z</ModuleTime>
      <ModuleName>System.Diagnostics.TraceSource</ModuleName>
      <Classes />
    </Module>
    <Module skippedDueTo="Filter" hash="AA-84-5B-28-2E-F2-96-18-9B-A2-48-45-26-BF-08-BE-51-81-C7-AE">
      <ModulePath>C:\Program Files\dotnet\shared\Microsoft.NETCore.App\1.1.1\System.Runtime.Handles.dll</ModulePath>
      <ModuleTime>2017-02-10T01:37:28Z</ModuleTime>
      <ModuleName>System.Runtime.Handles</ModuleName>
      <Classes />
    </Module>
    <Module skippedDueTo="Filter" hash="32-63-E6-06-7B-79-A4-86-DB-05-C9-58-44-0B-43-66-35-5E-09-D1">
      <ModulePath>C:\Program Files\dotnet\shared\Microsoft.NETCore.App\1.1.1\System.Runtime.InteropServices.dll</ModulePath>
      <ModuleTime>2017-02-10T01:37:14Z</ModuleTime>
      <ModuleName>System.Runtime.InteropServices</ModuleName>
      <Classes />
    </Module>
    <Module skippedDueTo="Filter" hash="9F-C0-13-7F-05-1E-4F-CB-87-8A-1E-A0-99-5C-3E-0F-78-31-5C-B8">
      <ModulePath>C:\Program Files\dotnet\shared\Microsoft.NETCore.App\1.1.1\System.Threading.ThreadPool.dll</ModulePath>
      <ModuleTime>2017-02-10T01:37:22Z</ModuleTime>
      <ModuleName>System.Threading.ThreadPool</ModuleName>
      <Classes />
    </Module>
    <Module skippedDueTo="Filter" hash="AC-31-C2-83-FB-7E-F9-B4-20-04-A9-E5-02-6A-1C-3D-7F-5A-74-DB">
      <ModulePath>C:\Program Files\dotnet\shared\Microsoft.NETCore.App\1.1.1\System.Net.Sockets.dll</ModulePath>
      <ModuleTime>2017-02-10T01:37:26Z</ModuleTime>
      <ModuleName>System.Net.Sockets</ModuleName>
      <Classes />
    </Module>
    <Module skippedDueTo="Filter" hash="B2-CD-1D-D6-15-7F-5B-87-A0-24-38-34-E3-72-E8-92-1D-49-C2-B4">
      <ModulePath>C:\Program Files\dotnet\shared\Microsoft.NETCore.App\1.1.1\System.Net.Primitives.dll</ModulePath>
      <ModuleTime>2017-02-10T01:37:16Z</ModuleTime>
      <ModuleName>System.Net.Primitives</ModuleName>
      <Classes />
    </Module>
    <Module skippedDueTo="Filter" hash="68-6F-BC-3F-8F-BD-2B-BC-78-CA-73-7F-E4-C6-B0-D3-52-DC-0D-A2">
      <ModulePath>C:\Program Files\dotnet\shared\Microsoft.NETCore.App\1.1.1\System.IO.dll</ModulePath>
      <ModuleTime>2017-02-10T01:37:28Z</ModuleTime>
      <ModuleName>System.IO</ModuleName>
      <Classes />
    </Module>
    <Module skippedDueTo="Filter" hash="28-77-39-60-46-F2-20-01-13-D3-2E-DD-58-FF-27-E4-E0-B3-54-88">
      <ModulePath>C:\Program Files\dotnet\shared\Microsoft.NETCore.App\1.1.1\System.Net.NameResolution.dll</ModulePath>
      <ModuleTime>2017-02-10T01:37:14Z</ModuleTime>
      <ModuleName>System.Net.NameResolution</ModuleName>
      <Classes />
    </Module>
    <Module skippedDueTo="MissingPdb" hash="DA-46-D0-35-21-A0-D6-61-69-24-3E-42-12-77-C0-C2-C4-B9-57-81">
      <ModulePath>C:\Program Files\dotnet\shared\Microsoft.NETCore.App\1.1.1\Microsoft.Win32.Primitives.dll</ModulePath>
      <ModuleTime>2017-02-10T01:37:28Z</ModuleTime>
      <ModuleName>Microsoft.Win32.Primitives</ModuleName>
      <Classes />
    </Module>
    <Module skippedDueTo="Filter" hash="12-34-01-09-0A-C8-59-66-8A-18-2A-1B-53-A7-6E-2D-0C-D4-63-14">
      <ModulePath>C:\Program Files\dotnet\shared\Microsoft.NETCore.App\1.1.1\System.Threading.Overlapped.dll</ModulePath>
      <ModuleTime>2017-02-10T01:37:22Z</ModuleTime>
      <ModuleName>System.Threading.Overlapped</ModuleName>
      <Classes />
    </Module>
    <Module skippedDueTo="Filter" hash="CD-E8-4D-AD-73-95-49-1B-54-A0-7D-C5-3F-20-8A-7F-F0-B2-E3-68">
      <ModulePath>C:\Program Files\dotnet\shared\Microsoft.NETCore.App\1.1.1\System.Dynamic.Runtime.dll</ModulePath>
      <ModuleTime>2017-02-10T01:37:14Z</ModuleTime>
      <ModuleName>System.Dynamic.Runtime</ModuleName>
      <Classes />
    </Module>
    <Module skippedDueTo="Filter" hash="21-93-02-0C-24-EE-9A-48-00-28-1A-80-B2-D4-74-FF-85-E0-F5-A3">
      <ModulePath>C:\Program Files\dotnet\shared\Microsoft.NETCore.App\1.1.1\System.Linq.Expressions.dll</ModulePath>
      <ModuleTime>2017-02-10T01:37:14Z</ModuleTime>
      <ModuleName>System.Linq.Expressions</ModuleName>
      <Classes />
    </Module>
    <Module skippedDueTo="Filter" hash="6D-57-D1-19-5C-84-45-0D-6A-8F-B8-36-5E-AF-97-76-69-78-2A-70">
      <ModulePath>C:\Program Files\dotnet\shared\Microsoft.NETCore.App\1.0.4\System.Xml.XDocument.dll</ModulePath>
      <ModuleTime>2017-02-10T01:38:42Z</ModuleTime>
      <ModuleName>System.Xml.XDocument</ModuleName>
      <Classes />
    </Module>
    <Module skippedDueTo="Filter" hash="F5-A6-87-65-52-2E-03-B6-00-9A-C1-08-DE-72-F5-22-AD-05-D6-97">
      <ModulePath>C:\Program Files\dotnet\shared\Microsoft.NETCore.App\1.0.4\System.Reflection.TypeExtensions.dll</ModulePath>
      <ModuleTime>2017-02-10T01:39:02Z</ModuleTime>
      <ModuleName>System.Reflection.TypeExtensions</ModuleName>
      <Classes />
    </Module>
    <Module skippedDueTo="Filter" hash="A4-D1-0B-42-66-A9-DA-70-4B-B4-F0-42-66-33-A4-71-47-27-AB-1D">
      <ModulePath>C:\Program Files\dotnet\shared\Microsoft.NETCore.App\1.0.4\System.Reflection.Emit.ILGeneration.dll</ModulePath>
      <ModuleTime>2017-02-10T01:39:14Z</ModuleTime>
      <ModuleName>System.Reflection.Emit.ILGeneration</ModuleName>
      <Classes />
    </Module>
    <Module skippedDueTo="Filter" hash="3A-85-20-17-74-C8-91-F3-18-BD-D7-67-F4-CA-79-D7-80-CC-2C-8D">
      <ModulePath>C:\Program Files\dotnet\shared\Microsoft.NETCore.App\1.0.4\System.Reflection.Primitives.dll</ModulePath>
      <ModuleTime>2017-02-10T01:38:46Z</ModuleTime>
      <ModuleName>System.Reflection.Primitives</ModuleName>
      <Classes />
    </Module>
    <Module skippedDueTo="Filter" hash="D3-54-D9-28-59-88-AA-FE-93-04-65-84-67-17-80-FA-9B-18-C6-2F">
      <ModulePath>C:\Program Files\dotnet\shared\Microsoft.NETCore.App\1.0.4\System.Reflection.Emit.Lightweight.dll</ModulePath>
      <ModuleTime>2017-02-10T01:39:14Z</ModuleTime>
      <ModuleName>System.Reflection.Emit.Lightweight</ModuleName>
      <Classes />
    </Module>
    <Module skippedDueTo="MissingPdb" hash="">
      <ModulePath>RefEmit_InMemoryManifestModule</ModulePath>
      <ModuleTime>0001-01-01T00:00:00</ModuleTime>
      <ModuleName>Anonymously Hosted DynamicMethods Assembly</ModuleName>
      <Classes />
    </Module>
    <Module skippedDueTo="Filter" hash="F1-84-33-57-C5-71-97-39-3F-4A-A4-AA-E7-FE-F9-94-F2-81-8B-7B">
      <ModulePath>C:\Program Files\dotnet\shared\Microsoft.NETCore.App\1.1.1\System.Private.Uri.dll</ModulePath>
      <ModuleTime>2017-02-10T01:37:14Z</ModuleTime>
      <ModuleName>System.Private.Uri</ModuleName>
      <Classes />
    </Module>
    <Module skippedDueTo="Filter" hash="87-C2-BC-EE-DD-8B-0E-07-0C-4A-CC-8E-5B-C2-11-BC-49-8A-3F-18">
      <ModulePath>C:\Program Files\dotnet\shared\Microsoft.NETCore.App\1.1.1\System.Reflection.dll</ModulePath>
      <ModuleTime>2017-02-10T01:37:28Z</ModuleTime>
      <ModuleName>System.Reflection</ModuleName>
      <Classes />
    </Module>
    <Module skippedDueTo="Filter" hash="95-67-9C-94-81-13-6D-22-92-3A-65-A6-19-55-82-2C-B0-F5-9D-62">
      <ModulePath>C:\Program Files\dotnet\shared\Microsoft.NETCore.App\1.1.1\System.Reflection.Extensions.dll</ModulePath>
      <ModuleTime>2017-02-10T01:37:16Z</ModuleTime>
      <ModuleName>System.Reflection.Extensions</ModuleName>
      <Classes />
    </Module>
    <Module skippedDueTo="Filter" hash="15-C1-41-18-C8-E4-89-59-A0-09-9F-98-5F-88-93-94-3A-F4-0F-5F">
      <ModulePath>C:\Program Files\dotnet\shared\Microsoft.NETCore.App\1.1.1\System.Linq.dll</ModulePath>
      <ModuleTime>2017-02-10T01:37:12Z</ModuleTime>
      <ModuleName>System.Linq</ModuleName>
      <Classes />
    </Module>
    <Module skippedDueTo="Filter" hash="E2-E7-9C-E1-3A-FD-B3-19-15-3B-5F-D5-49-B8-E0-0C-73-10-91-82">
      <ModulePath>C:\Program Files\dotnet\shared\Microsoft.NETCore.App\1.1.1\System.ObjectModel.dll</ModulePath>
      <ModuleTime>2017-02-10T01:37:16Z</ModuleTime>
      <ModuleName>System.ObjectModel</ModuleName>
      <Classes />
    </Module>
    <Module skippedDueTo="Filter" hash="46-E9-0D-A8-BE-24-FD-7E-2E-7F-FF-7E-8B-22-B0-B5-63-A3-44-79">
      <ModulePath>C:\Program Files\dotnet\shared\Microsoft.NETCore.App\1.1.1\System.Xml.XDocument.dll</ModulePath>
      <ModuleTime>2017-02-10T01:37:18Z</ModuleTime>
      <ModuleName>System.Xml.XDocument</ModuleName>
      <Classes />
    </Module>
    <Module skippedDueTo="Filter" hash="8D-73-E9-E4-8C-4C-0F-42-11-F8-2C-CE-62-DD-3C-7C-59-60-A6-35">
      <ModulePath>C:\Program Files\dotnet\shared\Microsoft.NETCore.App\1.1.1\System.Xml.ReaderWriter.dll</ModulePath>
      <ModuleTime>2017-02-10T01:37:30Z</ModuleTime>
      <ModuleName>System.Xml.ReaderWriter</ModuleName>
      <Classes />
    </Module>
    <Module skippedDueTo="Filter" hash="A8-28-75-19-63-D9-35-C7-F4-FE-95-71-A6-72-7C-00-2B-E3-5D-13">
      <ModulePath>C:\Program Files\dotnet\shared\Microsoft.NETCore.App\1.1.1\System.Text.RegularExpressions.dll</ModulePath>
      <ModuleTime>2017-02-10T01:37:22Z</ModuleTime>
      <ModuleName>System.Text.RegularExpressions</ModuleName>
      <Classes />
    </Module>
    <Module skippedDueTo="Filter" hash="AA-01-6A-A1-89-52-1C-12-39-45-4C-7B-AE-B8-0E-A5-A4-52-E5-3F">
      <ModulePath>C:\Program Files\dotnet\shared\Microsoft.NETCore.App\1.1.1\System.Reflection.TypeExtensions.dll</ModulePath>
      <ModuleTime>2017-02-10T01:37:34Z</ModuleTime>
      <ModuleName>System.Reflection.TypeExtensions</ModuleName>
      <Classes />
    </Module>
    <Module skippedDueTo="Filter" hash="44-AE-13-0F-53-1C-EE-5C-EF-5E-9C-36-3B-EF-E7-A5-D8-C0-8A-58">
[...]
      <Classes />
    </Module>
    <Module skippedDueTo="Filter" hash="8C-15-73-43-D1-D9-34-33-E1-C7-E2-2C-3C-D2-89-9C-95-12-EA-B4">
      <ModulePath>C:\Program Files\dotnet\shared\Microsoft.NETCore.App\1.1.1\System.Reflection.Metadata.dll</ModulePath>
      <ModuleTime>2017-02-10T01:37:22Z</ModuleTime>
      <ModuleName>System.Reflection.Metadata</ModuleName>
      <Classes />
    </Module>
    <Module skippedDueTo="Filter" hash="86-51-2A-55-0A-DA-DF-0F-20-3B-1E-78-E4-A0-3D-C9-AE-69-21-B2">
      <ModulePath>C:\Program Files\dotnet\shared\Microsoft.NETCore.App\1.1.1\System.Collections.Immutable.dll</ModulePath>
      <ModuleTime>2017-02-10T01:37:26Z</ModuleTime>
      <ModuleName>System.Collections.Immutable</ModuleName>
      <Classes />
    </Module>
    <Module skippedDueTo="Filter" hash="C6-4F-A9-98-2F-70-50-96-67-CF-A7-C5-0F-7C-A7-C6-0E-9F-D9-9E">
      <ModulePath>C:\Program Files\dotnet\shared\Microsoft.NETCore.App\1.1.1\System.Runtime.Numerics.dll</ModulePath>
      <ModuleTime>2017-02-10T01:37:22Z</ModuleTime>
      <ModuleName>System.Runtime.Numerics</ModuleName>
      <Classes />
    </Module>
    <Module skippedDueTo="MissingPdb" hash="65-F4-70-87-4C-A5-73-6B-16-30-A1-DF-45-25-CC-C0-BB-BE-00-3F">
      <ModulePath>C:\Program Files\dotnet\shared\Microsoft.NETCore.App\1.1.1\Microsoft.CodeAnalysis.CSharp.dll</ModulePath>
      <ModuleTime>2017-02-10T01:37:40Z</ModuleTime>
      <ModuleName>Microsoft.CodeAnalysis.CSharp</ModuleName>
      <Classes />
    </Module>
    <Module skippedDueTo="Filter" hash="36-8E-C6-B7-20-CB-EC-EC-39-0B-DA-12-20-31-C7-6A-CB-C5-5B-56">
      <ModulePath>C:\Program Files\dotnet\shared\Microsoft.NETCore.App\1.1.1\System.Collections.Concurrent.dll</ModulePath>
      <ModuleTime>2017-02-10T01:37:02Z</ModuleTime>
      <ModuleName>System.Collections.Concurrent</ModuleName>
      <Classes />
    </Module>
    <Module skippedDueTo="MissingPdb" hash="F5-4A-8D-ED-C6-FD-A5-AD-B8-21-D4-46-7F-8B-2D-0C-73-7B-0D-E8">
      <ModulePath>C:\Program Files\dotnet\shared\Microsoft.NETCore.App\1.1.1\Microsoft.CodeAnalysis.VisualBasic.dll</ModulePath>
      <ModuleTime>2017-02-10T01:37:54Z</ModuleTime>
      <ModuleName>Microsoft.CodeAnalysis.VisualBasic</ModuleName>
      <Classes />
    </Module>
    <Module skippedDueTo="MissingPdb" hash="74-06-51-84-FD-27-65-2D-54-C5-3A-E9-45-D9-75-D1-0F-5B-59-6A">
      <ModulePath>C:\Program Files\dotnet\shared\Microsoft.NETCore.App\1.1.1\Microsoft.CSharp.dll</ModulePath>
      <ModuleTime>2017-02-10T01:37:14Z</ModuleTime>
      <ModuleName>Microsoft.CSharp</ModuleName>
      <Classes />
    </Module>
    <Module skippedDueTo="Filter" hash="DB-D8-E3-82-CE-3D-34-B3-43-BF-7D-2B-5B-B8-6E-58-8B-DB-43-01">
      <ModulePath>C:\Program Files\dotnet\shared\Microsoft.NETCore.App\1.1.1\Microsoft.VisualBasic.dll</ModulePath>
      <ModuleTime>2017-02-10T01:37:22Z</ModuleTime>
      <ModuleName>Microsoft.VisualBasic</ModuleName>
      <Classes />
    </Module>
    <Module skippedDueTo="MissingPdb" hash="E1-EA-1A-BC-D6-8F-6E-4C-AB-72-EE-46-B8-88-89-C0-E3-D2-39-CE">
      <ModulePath>C:\Program Files\dotnet\shared\Microsoft.NETCore.App\1.1.1\Microsoft.Win32.Registry.dll</ModulePath>
      <ModuleTime>2017-02-10T01:37:20Z</ModuleTime>
      <ModuleName>Microsoft.Win32.Registry</ModuleName>
      <Classes />
    </Module>
    <Module skippedDueTo="Filter" hash="23-C6-82-D9-0B-F8-1C-68-1A-88-B2-B6-FD-01-21-69-E5-EA-E5-97">
      <ModulePath>C:\Program Files\dotnet\shared\Microsoft.NETCore.App\1.1.1\System.Diagnostics.Tools.dll</ModulePath>
      <ModuleTime>2017-02-10T01:37:02Z</ModuleTime>
      <ModuleName>System.Diagnostics.Tools</ModuleName>
      <Classes />
    </Module>
    <Module skippedDueTo="Filter" hash="D5-CD-17-9B-50-86-53-EC-00-5D-DC-D1-26-BA-CB-DE-BB-65-17-F1">
      <ModulePath>C:\Program Files\dotnet\shared\Microsoft.NETCore.App\1.1.1\System.Globalization.Calendars.dll</ModulePath>
      <ModuleTime>2017-02-10T01:37:28Z</ModuleTime>
      <ModuleName>System.Globalization.Calendars</ModuleName>
      <Classes />
    </Module>
    <Module skippedDueTo="Filter" hash="FF-1A-CC-A8-BB-0E-D2-C1-12-24-01-88-98-ED-F4-2C-56-7C-35-32">
      <ModulePath>C:\Program Files\dotnet\shared\Microsoft.NETCore.App\1.1.1\System.Text.Encoding.Extensions.dll</ModulePath>
      <ModuleTime>2017-02-10T01:37:22Z</ModuleTime>
      <ModuleName>System.Text.Encoding.Extensions</ModuleName>
      <Classes />
    </Module>
    <Module skippedDueTo="MissingPdb" hash="34-7C-C8-89-FE-11-82-0F-CD-B6-AA-44-DD-31-80-F3-8C-45-2D-6E">
      <ModulePath>C:\Program Files\dotnet\shared\Microsoft.NETCore.App\1.1.1\SOS.NETCore.dll</ModulePath>
      <ModuleTime>2017-02-10T01:35:50Z</ModuleTime>
      <ModuleName>SOS.NETCore</ModuleName>
      <Classes />
    </Module>
    <Module skippedDueTo="Filter" hash="8E-B1-25-5E-4D-81-CF-20-E7-4C-31-98-F4-83-7D-25-9F-84-01-CB">
      <ModulePath>C:\Program Files\dotnet\shared\Microsoft.NETCore.App\1.1.1\System.Buffers.dll</ModulePath>
      <ModuleTime>2017-02-10T01:37:26Z</ModuleTime>
      <ModuleName>System.Buffers</ModuleName>
      <Classes />
    </Module>
    <Module skippedDueTo="Filter" hash="69-71-CE-01-52-7F-23-A4-C0-82-F5-D0-E7-7E-14-E9-0A-21-0F-9E">
      <ModulePath>C:\Program Files\dotnet\shared\Microsoft.NETCore.App\1.1.1\System.ComponentModel.Annotations.dll</ModulePath>
      <ModuleTime>2017-02-10T01:37:28Z</ModuleTime>
      <ModuleName>System.ComponentModel.Annotations</ModuleName>
      <Classes />
    </Module>
    <Module skippedDueTo="Filter" hash="9C-45-8A-84-D0-B9-4F-2D-60-70-54-AE-EA-CD-3E-8C-66-40-F9-66">
      <ModulePath>C:\Program Files\dotnet\shared\Microsoft.NETCore.App\1.1.1\System.Diagnostics.DiagnosticSource.dll</ModulePath>
      <ModuleTime>2017-02-10T01:37:22Z</ModuleTime>
      <ModuleName>System.Diagnostics.DiagnosticSource</ModuleName>
      <Classes />
    </Module>
    <Module skippedDueTo="Filter" hash="81-DD-B9-84-6F-F4-79-89-D0-EA-6F-36-29-76-94-DF-13-15-08-F6">
      <ModulePath>C:\Program Files\dotnet\shared\Microsoft.NETCore.App\1.1.1\System.Diagnostics.FileVersionInfo.dll</ModulePath>
      <ModuleTime>2017-02-10T01:37:20Z</ModuleTime>
      <ModuleName>System.Diagnostics.FileVersionInfo</ModuleName>
      <Classes />
    </Module>
    <Module skippedDueTo="Filter" hash="74-B6-77-1F-14-F2-EF-6B-32-E4-E8-33-94-84-A6-F9-4F-B1-DC-84">
      <ModulePath>C:\Program Files\dotnet\shared\Microsoft.NETCore.App\1.1.1\System.Diagnostics.StackTrace.dll</ModulePath>
      <ModuleTime>2017-02-10T01:37:14Z</ModuleTime>
      <ModuleName>System.Diagnostics.StackTrace</ModuleName>
      <Classes />
    </Module>
    <Module skippedDueTo="Filter" hash="0F-96-37-38-F3-B7-19-9B-EA-74-E9-B0-71-EC-C0-97-34-F9-98-5C">
      <ModulePath>C:\Program Files\dotnet\shared\Microsoft.NETCore.App\1.1.1\System.Globalization.Extensions.dll</ModulePath>
      <ModuleTime>2017-02-10T01:37:14Z</ModuleTime>
      <ModuleName>System.Globalization.Extensions</ModuleName>
      <Classes />
    </Module>
    <Module skippedDueTo="Filter" hash="F2-D2-8E-EC-9D-11-91-16-83-2D-30-5E-D1-40-48-33-15-90-40-B8">
      <ModulePath>C:\Program Files\dotnet\shared\Microsoft.NETCore.App\1.1.1\System.IO.Compression.dll</ModulePath>
      <ModuleTime>2017-02-10T01:37:22Z</ModuleTime>
      <ModuleName>System.IO.Compression</ModuleName>
      <Classes />
    </Module>
    <Module skippedDueTo="Filter" hash="98-D5-C5-40-19-E1-D4-6D-AC-07-48-6E-BD-F8-A3-9D-20-31-EE-7E">
      <ModulePath>C:\Program Files\dotnet\shared\Microsoft.NETCore.App\1.1.1\System.IO.Compression.ZipFile.dll</ModulePath>
      <ModuleTime>2017-02-10T01:37:22Z</ModuleTime>
      <ModuleName>System.IO.Compression.ZipFile</ModuleName>
      <Classes />
    </Module>
    <Module skippedDueTo="Filter" hash="4E-85-F5-9D-B6-50-E0-50-B4-3D-AE-8D-18-C4-86-A6-51-69-4D-D1">
      <ModulePath>C:\Program Files\dotnet\shared\Microsoft.NETCore.App\1.1.1\System.IO.FileSystem.Watcher.dll</ModulePath>
      <ModuleTime>2017-02-10T01:37:28Z</ModuleTime>
      <ModuleName>System.IO.FileSystem.Watcher</ModuleName>
      <Classes />
    </Module>
    <Module skippedDueTo="Filter" hash="EE-D5-63-DA-70-03-D0-A1-09-AE-AF-E8-D1-30-0B-2C-DE-31-B0-7C">
      <ModulePath>C:\Program Files\dotnet\shared\Microsoft.NETCore.App\1.1.1\System.IO.MemoryMappedFiles.dll</ModulePath>
      <ModuleTime>2017-02-10T01:37:12Z</ModuleTime>
      <ModuleName>System.IO.MemoryMappedFiles</ModuleName>
      <Classes />
    </Module>
    <Module skippedDueTo="Filter" hash="3A-F7-7A-D6-92-D7-40-1D-39-D2-D7-20-AD-01-14-35-45-D9-81-51">
      <ModulePath>C:\Program Files\dotnet\shared\Microsoft.NETCore.App\1.1.1\System.IO.UnmanagedMemoryStream.dll</ModulePath>
      <ModuleTime>2017-02-10T01:37:20Z</ModuleTime>
      <ModuleName>System.IO.UnmanagedMemoryStream</ModuleName>
      <Classes />
    </Module>
    <Module skippedDueTo="Filter" hash="21-AC-9C-D0-4E-53-F6-32-DF-71-30-DD-3A-C0-DB-CD-EF-69-1D-FA">
      <ModulePath>C:\Program Files\dotnet\shared\Microsoft.NETCore.App\1.1.1\System.Linq.Parallel.dll</ModulePath>
      <ModuleTime>2017-02-10T01:37:14Z</ModuleTime>
      <ModuleName>System.Linq.Parallel</ModuleName>
      <Classes />
    </Module>
    <Module skippedDueTo="Filter" hash="9D-0F-D2-C7-08-3A-0D-CA-78-39-1D-2E-B1-2E-F2-6D-CE-98-89-CE">
      <ModulePath>C:\Program Files\dotnet\shared\Microsoft.NETCore.App\1.1.1\System.Linq.Queryable.dll</ModulePath>
      <ModuleTime>2017-02-10T01:37:20Z</ModuleTime>
      <ModuleName>System.Linq.Queryable</ModuleName>
      <Classes />
    </Module>
    <Module skippedDueTo="Filter" hash="E5-A9-BA-F0-25-C3-6C-B0-B4-C1-08-0F-FE-66-5A-AF-B7-54-07-92">
      <ModulePath>C:\Program Files\dotnet\shared\Microsoft.NETCore.App\1.1.1\System.Net.Http.dll</ModulePath>
      <ModuleTime>2017-02-10T01:37:16Z</ModuleTime>
      <ModuleName>System.Net.Http</ModuleName>
      <Classes />
    </Module>
    <Module skippedDueTo="Filter" hash="85-7F-6D-5F-BA-4A-E9-A8-75-23-C6-E5-19-70-0E-8C-DD-FB-83-CC">
      <ModulePath>C:\Program Files\dotnet\shared\Microsoft.NETCore.App\1.1.1\System.Net.Requests.dll</ModulePath>
      <ModuleTime>2017-02-10T01:37:12Z</ModuleTime>
      <ModuleName>System.Net.Requests</ModuleName>
      <Classes />
    </Module>
    <Module skippedDueTo="Filter" hash="9D-AC-F2-C5-1B-22-D8-4D-65-7A-F9-04-4C-A2-87-0F-E0-D4-36-6C">
      <ModulePath>C:\Program Files\dotnet\shared\Microsoft.NETCore.App\1.1.1\System.Net.Security.dll</ModulePath>
      <ModuleTime>2017-02-10T01:37:20Z</ModuleTime>
      <ModuleName>System.Net.Security</ModuleName>
      <Classes />
    </Module>
    <Module skippedDueTo="Filter" hash="CD-16-7C-0E-5D-D8-55-46-86-E1-C5-6E-41-9E-6B-F4-09-33-5C-50">
      <ModulePath>C:\Program Files\dotnet\shared\Microsoft.NETCore.App\1.1.1\System.Security.Principal.dll</ModulePath>
      <ModuleTime>2017-02-10T01:37:10Z</ModuleTime>
      <ModuleName>System.Security.Principal</ModuleName>
      <Classes />
    </Module>
    <Module skippedDueTo="Filter" hash="BB-93-24-9D-C8-02-FF-25-B5-F7-3B-AF-F3-13-A2-EE-33-27-7A-11">
      <ModulePath>C:\Program Files\dotnet\shared\Microsoft.NETCore.App\1.1.1\System.Security.Cryptography.X509Certificates.dll</ModulePath>
      <ModuleTime>2017-02-10T01:37:14Z</ModuleTime>
      <ModuleName>System.Security.Cryptography.X509Certificates</ModuleName>
      <Classes />
    </Module>
    <Module skippedDueTo="Filter" hash="E3-03-24-94-04-B1-CC-E1-64-C9-3F-36-28-2E-F1-4E-B0-54-90-16">
      <ModulePath>C:\Program Files\dotnet\shared\Microsoft.NETCore.App\1.1.1\System.Net.WebHeaderCollection.dll</ModulePath>
      <ModuleTime>2017-02-10T01:37:26Z</ModuleTime>
      <ModuleName>System.Net.WebHeaderCollection</ModuleName>
      <Classes />
    </Module>
    <Module skippedDueTo="Filter" hash="F6-E8-4C-17-B9-D9-89-C2-68-0D-CA-95-6D-98-90-28-79-B3-5C-73">
      <ModulePath>C:\Program Files\dotnet\shared\Microsoft.NETCore.App\1.1.1\System.Numerics.Vectors.dll</ModulePath>
      <ModuleTime>2017-02-10T01:37:14Z</ModuleTime>
      <ModuleName>System.Numerics.Vectors</ModuleName>
      <Classes />
    </Module>
    <Module skippedDueTo="Filter" hash="69-6D-95-8F-D3-47-FB-D8-EB-7B-51-55-94-32-ED-6D-2B-B0-21-D4">
      <ModulePath>C:\Program Files\dotnet\shared\Microsoft.NETCore.App\1.1.1\System.Reflection.DispatchProxy.dll</ModulePath>
      <ModuleTime>2017-02-10T01:37:22Z</ModuleTime>
      <ModuleName>System.Reflection.DispatchProxy</ModuleName>
      <Classes />
    </Module>
    <Module skippedDueTo="Filter" hash="AB-CD-A6-FC-2E-E7-0F-55-06-23-FD-F3-17-2D-89-FB-F1-4C-2A-2E">
      <ModulePath>C:\Program Files\dotnet\shared\Microsoft.NETCore.App\1.1.1\System.Reflection.Emit.dll</ModulePath>
      <ModuleTime>2017-02-10T01:37:30Z</ModuleTime>
      <ModuleName>System.Reflection.Emit</ModuleName>
      <Classes />
    </Module>
    <Module skippedDueTo="Filter" hash="5D-61-90-80-91-8B-B6-5F-77-FC-1A-CC-A1-E6-AB-3E-E5-3F-7D-05">
      <ModulePath>C:\Program Files\dotnet\shared\Microsoft.NETCore.App\1.1.1\System.Resources.Reader.dll</ModulePath>
      <ModuleTime>2017-02-10T01:37:22Z</ModuleTime>
      <ModuleName>System.Resources.Reader</ModuleName>
      <Classes />
    </Module>
    <Module skippedDueTo="Filter" hash="20-E5-0B-CE-1F-B4-6D-E8-0B-D5-13-76-33-2D-9C-42-60-80-F8-83">
      <ModulePath>C:\Program Files\dotnet\shared\Microsoft.NETCore.App\1.1.1\System.Security.Claims.dll</ModulePath>
      <ModuleTime>2017-02-10T01:37:14Z</ModuleTime>
      <ModuleName>System.Security.Claims</ModuleName>
      <Classes />
    </Module>
    <Module skippedDueTo="Filter" hash="FB-E9-0D-CE-EE-49-C6-E1-F1-97-AE-93-94-4F-3B-A4-6B-C4-DB-A0">
      <ModulePath>C:\Program Files\dotnet\shared\Microsoft.NETCore.App\1.1.1\System.Security.Cryptography.Algorithms.dll</ModulePath>
      <ModuleTime>2017-02-10T01:37:28Z</ModuleTime>
      <ModuleName>System.Security.Cryptography.Algorithms</ModuleName>
      <Classes />
    </Module>
    <Module skippedDueTo="Filter" hash="74-23-31-A6-75-91-EA-20-97-F9-9B-34-2D-1A-83-81-54-CB-00-FD">
      <ModulePath>C:\Program Files\dotnet\shared\Microsoft.NETCore.App\1.1.1\System.Security.Cryptography.Primitives.dll</ModulePath>
      <ModuleTime>2017-02-10T01:37:28Z</ModuleTime>
      <ModuleName>System.Security.Cryptography.Primitives</ModuleName>
      <Classes />
    </Module>
    <Module skippedDueTo="Filter" hash="5E-77-7E-7D-2C-24-AB-0A-00-6E-94-12-8D-0E-8E-76-F0-69-43-5A">
      <ModulePath>C:\Program Files\dotnet\shared\Microsoft.NETCore.App\1.1.1\System.Security.Cryptography.Encoding.dll</ModulePath>
      <ModuleTime>2017-02-10T01:37:28Z</ModuleTime>
      <ModuleName>System.Security.Cryptography.Encoding</ModuleName>
      <Classes />
    </Module>
    <Module skippedDueTo="Filter" hash="3E-E6-21-49-49-76-12-B7-4A-DA-9A-EC-15-EE-8C-25-AD-CA-BC-63">
      <ModulePath>C:\Program Files\dotnet\shared\Microsoft.NETCore.App\1.1.1\System.Security.Cryptography.Cng.dll</ModulePath>
      <ModuleTime>2017-02-10T01:37:08Z</ModuleTime>
      <ModuleName>System.Security.Cryptography.Cng</ModuleName>
      <Classes />
    </Module>
    <Module skippedDueTo="Filter" hash="B5-97-7B-9D-8D-1F-73-BB-E7-27-E3-85-55-49-1C-9D-97-88-BD-15">
      <ModulePath>C:\Program Files\dotnet\shared\Microsoft.NETCore.App\1.1.1\System.Security.Cryptography.Csp.dll</ModulePath>
      <ModuleTime>2017-02-10T01:37:28Z</ModuleTime>
      <ModuleName>System.Security.Cryptography.Csp</ModuleName>
      <Classes />
    </Module>
    <Module skippedDueTo="Filter" hash="DE-6D-46-60-5B-14-D3-6F-70-04-1D-86-A3-C6-44-C4-A9-40-11-A5">
      <ModulePath>C:\Program Files\dotnet\shared\Microsoft.NETCore.App\1.1.1\System.Security.Cryptography.OpenSsl.dll</ModulePath>
      <ModuleTime>2017-02-10T01:37:14Z</ModuleTime>
      <ModuleName>System.Security.Cryptography.OpenSsl</ModuleName>
      <Classes />
    </Module>
    <Module skippedDueTo="Filter" hash="B2-CF-EA-08-84-85-6D-C3-2E-7F-43-F1-EF-E9-9A-CB-85-83-1B-D6">
      <ModulePath>C:\Program Files\dotnet\shared\Microsoft.NETCore.App\1.1.1\System.Security.Principal.Windows.dll</ModulePath>
      <ModuleTime>2017-02-10T01:37:12Z</ModuleTime>
      <ModuleName>System.Security.Principal.Windows</ModuleName>
      <Classes />
    </Module>
    <Module skippedDueTo="Filter" hash="88-4D-3B-93-4C-7B-2C-E6-B2-F9-50-F7-6E-93-BD-55-14-AC-4E-04">
      <ModulePath>C:\Program Files\dotnet\shared\Microsoft.NETCore.App\1.1.1\System.Text.Encoding.CodePages.dll</ModulePath>
      <ModuleTime>2017-02-10T01:37:18Z</ModuleTime>
      <ModuleName>System.Text.Encoding.CodePages</ModuleName>
      <Classes />
    </Module>
    <Module skippedDueTo="Filter" hash="53-E0-AD-C3-4A-45-93-B3-A3-30-66-19-CF-BA-DC-2C-DF-9A-0D-D2">
      <ModulePath>C:\Program Files\dotnet\shared\Microsoft.NETCore.App\1.1.1\System.Threading.Tasks.Dataflow.dll</ModulePath>
      <ModuleTime>2017-02-10T01:37:12Z</ModuleTime>
      <ModuleName>System.Threading.Tasks.Dataflow</ModuleName>
      <Classes />
    </Module>
    <Module skippedDueTo="Filter" hash="2E-C0-F0-AB-19-B9-AE-09-FE-6B-10-9E-89-3F-FA-CC-CF-BC-08-2E">
      <ModulePath>C:\Program Files\dotnet\shared\Microsoft.NETCore.App\1.1.1\System.Threading.Tasks.Extensions.dll</ModulePath>
      <ModuleTime>2017-02-10T01:37:36Z</ModuleTime>
      <ModuleName>System.Threading.Tasks.Extensions</ModuleName>
      <Classes />
    </Module>
    <Module skippedDueTo="Filter" hash="05-6C-68-F3-18-12-18-4C-24-30-17-2E-52-D3-3C-14-FC-D3-75-E1">
      <ModulePath>C:\Program Files\dotnet\shared\Microsoft.NETCore.App\1.1.1\System.Threading.Tasks.Parallel.dll</ModulePath>
      <ModuleTime>2017-02-10T01:37:14Z</ModuleTime>
      <ModuleName>System.Threading.Tasks.Parallel</ModuleName>
      <Classes />
    </Module>
    <Module skippedDueTo="Filter" hash="6B-DA-BA-0B-11-2D-2D-A3-B9-8A-AE-E1-3E-5A-1C-3C-D9-1D-0B-47">
      <ModulePath>C:\Program Files\dotnet\shared\Microsoft.NETCore.App\1.1.1\System.Xml.XPath.XDocument.dll</ModulePath>
      <ModuleTime>2017-02-10T01:37:26Z</ModuleTime>
      <ModuleName>System.Xml.XPath.XDocument</ModuleName>
      <Classes />
    </Module>
    <Module skippedDueTo="MissingPdb" hash="4C-41-23-CC-68-44-BC-96-7A-9A-5F-43-91-98-C4-D2-3C-39-96-7D">
      <ModulePath>C:\Users\pawel\Source\Repos\SonarqubeGitHubPullRequestAnalysisPOC\POCLibrary\XUnitTestProject1\bin\Debug\netcoreapp1.1\xunit.runner.reporters.netstandard15.dll</ModulePath>
      <ModuleTime>2017-02-19T15:24:26Z</ModuleTime>
      <ModuleName>xunit.runner.reporters.netstandard15</ModuleName>
      <Classes />
    </Module>
    <Module skippedDueTo="Filter" hash="91-94-89-D7-55-99-BF-32-D0-9D-FF-49-D3-92-C0-27-02-81-BE-88">
      <ModulePath>C:\Program Files\dotnet\sdk\1.0.0\System.ComponentModel.TypeConverter.dll</ModulePath>
      <ModuleTime>2017-02-25T00:12:08Z</ModuleTime>
      <ModuleName>System.ComponentModel.TypeConverter</ModuleName>
      <Classes />
    </Module>
    <Module skippedDueTo="Filter" hash="C8-47-2D-DB-A7-E0-A9-4F-02-2E-65-C1-E9-3D-36-DF-6C-63-FC-3E">
      <ModulePath>C:\Program Files\dotnet\sdk\1.0.0\System.Collections.NonGeneric.dll</ModulePath>
      <ModuleTime>2017-02-25T00:12:08Z</ModuleTime>
      <ModuleName>System.Collections.NonGeneric</ModuleName>
      <Classes />
    </Module>
    <Module skippedDueTo="Filter" hash="55-73-4D-45-F7-CE-2D-34-9E-2A-3D-58-DD-19-C8-60-21-26-98-C0">
      <ModulePath>C:\Program Files\dotnet\sdk\1.0.0\System.Collections.Specialized.dll</ModulePath>
      <ModuleTime>2017-02-25T00:12:08Z</ModuleTime>
      <ModuleName>System.Collections.Specialized</ModuleName>
      <Classes />
    </Module>
    <Module skippedDueTo="Filter" hash="A6-2F-FB-C0-81-3B-BE-3D-5B-98-34-7F-F2-C0-4C-55-8E-3C-C0-35">
      <ModulePath>C:\Program Files\dotnet\sdk\1.0.0\System.ComponentModel.Primitives.dll</ModulePath>
      <ModuleTime>2017-02-25T00:12:08Z</ModuleTime>
      <ModuleName>System.ComponentModel.Primitives</ModuleName>
      <Classes />
    </Module>
  </Modules>
</CoverageSession>