<?xml version="1.0" encoding="utf-8" standalone="no"?>
<test-run id="2" testcasecount="1" result="Passed" total="1" passed="1" failed="0" inconclusive="0" skipped="0" asserts="1" engine-version="3.6.0.0" clr-version="4.0.30319.42000" start-time="2017-03-05 18:44:07Z" end-time="2017-03-05 18:44:09Z" duration="2.582155">
  <command-line><![CDATA["D:\github\SonarqubeGitHubPullRequestAnalysisPOC\POCLibrary\.\packages\NUnit.ConsoleRunner.3.6.0\tools\nunit3-console.exe" POCLibrary.sln --config=Release --result:nunit3TestResult.xml --result:nunit2TestResult.xml;format=nunit2]]></command-line>
  <test-suite type="Assembly" id="1-1002" name="POCLibraryTests.dll" fullname="D:\github\SonarqubeGitHubPullRequestAnalysisPOC\POCLibrary\POCLibraryTests\bin\Release\POCLibraryTests.dll" runstate="Runnable" testcasecount="1" result="Passed" start-time="2017-03-05 18:44:09Z" end-time="2017-03-05 18:44:09Z" duration="0.088891" total="1" passed="1" failed="0" warnings="0" inconclusive="0" skipped="0" asserts="1">
    <environment framework-version="3.6.1.0" clr-version="4.0.30319.42000" os-version="Microsoft Windows NT 10.0.14393.0" platform="Win32NT" cwd="D:\github\SonarqubeGitHubPullRequestAnalysisPOC\POCLibrary" machine-name="DESKTOP-0RC1V6T" user="Zajac" user-domain="DESKTOP-0RC1V6T" culture="en-US" uiculture="en-US" os-architecture="x64" />
    <settings>
      <setting name="DisposeRunners" value="True" />
      <setting name="ActiveConfig" value="Release" />
      <setting name="WorkDirectory" value="D:\github\SonarqubeGitHubPullRequestAnalysisPOC\POCLibrary" />
      <setting name="ImageRuntimeVersion" value="4.0.30319" />
      <setting name="ImageTargetFrameworkName" value=".NETFramework,Version=v4.6.1" />
      <setting name="ImageRequiresX86" value="False" />
      <setting name="ImageRequiresDefaultAppDomainAssemblyResolver" value="False" />
      <setting name="NumberOfTestWorkers" value="8" />
    </settings>
    <properties>
      <property name="_PID" value="13964" />
      <property name="_APPDOMAIN" value="domain-534ee062-POCLibrary.sln" />
    </properties>
    <test-suite type="TestSuite" id="1-1003" name="POCLibrary" fullname="POCLibrary" runstate="Runnable" testcasecount="1" result="Passed" start-time="2017-03-05 18:44:09Z" end-time="2017-03-05 18:44:09Z" duration="0.069009" total="1" passed="1" failed="0" warnings="0" inconclusive="0" skipped="0" asserts="1">
      <test-suite type="TestSuite" id="1-1004" name="Tests" fullname="POCLibrary.Tests" runstate="Runnable" testcasecount="1" result="Passed" start-time="2017-03-05 18:44:09Z" end-time="2017-03-05 18:44:09Z" duration="0.066392" total="1" passed="1" failed="0" warnings="0" inconclusive="0" skipped="0" asserts="1">
        <test-suite type="TestFixture" id="1-1000" name="Class1Tests" fullname="POCLibrary.Tests.Class1Tests" classname="POCLibrary.Tests.Class1Tests" runstate="Runnable" testcasecount="1" result="Passed" start-time="2017-03-05 18:44:09Z" end-time="2017-03-05 18:44:09Z" duration="0.061174" total="1" passed="1" failed="0" warnings="0" inconclusive="0" skipped="0" asserts="1">
          <test-case id="1-1001" name="funcTest" fullname="POCLibrary.Tests.Class1Tests.funcTest" methodname="funcTest" classname="POCLibrary.Tests.Class1Tests" runstate="Runnable" seed="1792169483" result="Passed" start-time="2017-03-05 18:44:09Z" end-time="2017-03-05 18:44:09Z" duration="0.035723" asserts="1" />
        </test-suite>
      </test-suite>
    </test-suite>
  </test-suite>
</test-run>