<?xml version="1.0" encoding="utf-8" standalone="no"?>
<!--This file represents the results of running a test suite-->
<test-results name="D:\github\SonarqubeGitHubPullRequestAnalysisPOC\POCLibrary\POCLibraryTests\bin\Release\POCLibraryTests.dll" total="1" errors="0" failures="0" not-run="0" inconclusive="0" ignored="0" skipped="0" invalid="0" date="2017-03-05" time="18:44:07">
  <environment nunit-version="3.5.0.0" clr-version="4.0.30319.42000" os-version="Microsoft Windows NT 10.0.14393.0" platform="Win32NT" cwd="D:\github\SonarqubeGitHubPullRequestAnalysisPOC\POCLibrary" machine-name="DESKTOP-0RC1V6T" user="Zajac" user-domain="DESKTOP-0RC1V6T" />
  <culture-info current-culture="en-US" current-uiculture="en-US" />
  <test-suite type="Assembly" name="D:\github\SonarqubeGitHubPullRequestAnalysisPOC\POCLibrary\POCLibraryTests\bin\Release\POCLibraryTests.dll" executed="True" result="Success" success="True" time="0.089" asserts="1">
    <properties>
      <property name="_PID" value="13964" />
      <property name="_APPDOMAIN" value="domain-534ee062-POCLibrary.sln" />
    </properties>
    <results>
      <test-suite type="TestSuite" name="POCLibrary" executed="True" result="Success" success="True" time="0.069" asserts="1">
        <results>
          <test-suite type="TestSuite" name="Tests" executed="True" result="Success" success="True" time="0.066" asserts="1">
            <results>
              <test-suite type="TestFixture" name="Class1Tests" executed="True" result="Success" success="True" time="0.061" asserts="1">
                <results>
                  <test-case name="POCLibrary.Tests.Class1Tests.funcTest" executed="True" result="Success" success="True" time="0.036" asserts="1" />
                </results>
              </test-suite>
            </results>
          </test-suite>
        </results>
      </test-suite>
    </results>
  </test-suite>
</test-results>